ARM GAS  /tmp/ccZWUGdY.s 			page 1


   1              		.cpu cortex-m4
   2              		.eabi_attribute 27, 1
   3              		.eabi_attribute 28, 1
   4              		.eabi_attribute 20, 1
   5              		.eabi_attribute 21, 1
   6              		.eabi_attribute 23, 3
   7              		.eabi_attribute 24, 1
   8              		.eabi_attribute 25, 1
   9              		.eabi_attribute 26, 1
  10              		.eabi_attribute 30, 1
  11              		.eabi_attribute 34, 1
  12              		.eabi_attribute 18, 4
  13              		.file	"main.c"
  14              		.text
  15              	.Ltext0:
  16              		.cfi_sections	.debug_frame
  17              		.section	.text.main,"ax",%progbits
  18              		.align	1
  19              		.global	main
  20              		.arch armv7e-m
  21              		.syntax unified
  22              		.thumb
  23              		.thumb_func
  24              		.fpu fpv4-sp-d16
  26              	main:
  27              	.LFB130:
  28              		.file 1 "Src/main.c"
   1:Src/main.c    **** #include "main.h"
   2:Src/main.c    **** #include "stm32f4xx.h"
   3:Src/main.c    **** 
   4:Src/main.c    **** /* Include my libraries here */
   5:Src/main.c    **** #include "tm_stm32f4_pwm.h"
   6:Src/main.c    ****  
   7:Src/main.c    **** int main(void) {
  29              		.loc 1 7 16 view -0
  30              		.cfi_startproc
  31              		@ Volatile: function does not return.
  32              		@ args = 0, pretend = 0, frame = 80
  33              		@ frame_needed = 0, uses_anonymous_args = 0
  34 0000 00B5     		push	{lr}
  35              	.LCFI0:
  36              		.cfi_def_cfa_offset 4
  37              		.cfi_offset 14, -4
  38 0002 95B0     		sub	sp, sp, #84
  39              	.LCFI1:
  40              		.cfi_def_cfa_offset 88
   8:Src/main.c    ****     TM_PWM_TIM_t TIM4_Data, TIM2_Data;
  41              		.loc 1 8 5 view .LVU1
   9:Src/main.c    ****     
  10:Src/main.c    ****     /* Initialize system */
  11:Src/main.c    ****     SystemInit();
  42              		.loc 1 11 5 view .LVU2
  43 0004 FFF7FEFF 		bl	SystemInit
  44              	.LVL0:
  12:Src/main.c    ****  
  13:Src/main.c    **** /* STM32F4-Discovery LEDS start */
  14:Src/main.c    **** /* Leds on PD12, PD13, PD14, PD15 */
ARM GAS  /tmp/ccZWUGdY.s 			page 2


  15:Src/main.c    ****     
  16:Src/main.c    ****     /* Set PWM to 1kHz frequency on timer TIM4 */
  17:Src/main.c    ****     /* 1 kHz = 1ms = 1000us */
  18:Src/main.c    ****     TM_PWM_InitTimer(TIM4, &TIM4_Data, 1000);
  45              		.loc 1 18 5 view .LVU3
  46 0008 9FED278B 		vldr.64	d8, .L4
  47 000c B0EE480A 		vmov.f32	s0, s16
  48 0010 F0EE680A 		vmov.f32	s1, s17
  49 0014 0AA9     		add	r1, sp, #40
  50 0016 2648     		ldr	r0, .L4+8
  51 0018 FFF7FEFF 		bl	TM_PWM_InitTimer
  52              	.LVL1:
  19:Src/main.c    ****     
  20:Src/main.c    ****     /* Initialize PWM on TIM4, Channel 1 and PinsPack 2 = PD12 */
  21:Src/main.c    ****     TM_PWM_InitChannel(&TIM4_Data, TM_PWM_Channel_1, TM_PWM_PinsPack_2);
  53              		.loc 1 21 5 view .LVU4
  54 001c 0122     		movs	r2, #1
  55 001e 0021     		movs	r1, #0
  56 0020 0AA8     		add	r0, sp, #40
  57 0022 FFF7FEFF 		bl	TM_PWM_InitChannel
  58              	.LVL2:
  22:Src/main.c    ****     /* Initialize PWM on TIM4, Channel 2 and PinsPack 2 = PD13 */
  23:Src/main.c    ****     TM_PWM_InitChannel(&TIM4_Data, TM_PWM_Channel_2, TM_PWM_PinsPack_2);
  59              		.loc 1 23 5 view .LVU5
  60 0026 0122     		movs	r2, #1
  61 0028 1146     		mov	r1, r2
  62 002a 0AA8     		add	r0, sp, #40
  63 002c FFF7FEFF 		bl	TM_PWM_InitChannel
  64              	.LVL3:
  24:Src/main.c    ****     /* Initialize PWM on TIM4, Channel 3 and PinsPack 2 = PD14 */
  25:Src/main.c    ****     TM_PWM_InitChannel(&TIM4_Data, TM_PWM_Channel_3, TM_PWM_PinsPack_2);
  65              		.loc 1 25 5 view .LVU6
  66 0030 0122     		movs	r2, #1
  67 0032 0221     		movs	r1, #2
  68 0034 0AA8     		add	r0, sp, #40
  69 0036 FFF7FEFF 		bl	TM_PWM_InitChannel
  70              	.LVL4:
  26:Src/main.c    ****     /* Initialize PWM on TIM4, Channel 4 and PinsPack 2 = PD15 */
  27:Src/main.c    ****     TM_PWM_InitChannel(&TIM4_Data, TM_PWM_Channel_4, TM_PWM_PinsPack_2);
  71              		.loc 1 27 5 view .LVU7
  72 003a 0122     		movs	r2, #1
  73 003c 0321     		movs	r1, #3
  74 003e 0AA8     		add	r0, sp, #40
  75 0040 FFF7FEFF 		bl	TM_PWM_InitChannel
  76              	.LVL5:
  28:Src/main.c    ****     
  29:Src/main.c    ****     /* Set channel 1 value, 50% duty cycle */
  30:Src/main.c    ****     TM_PWM_SetChannel(&TIM4_Data, TM_PWM_Channel_1, TIM4_Data.Period / 2);
  77              		.loc 1 30 5 view .LVU8
  78 0044 0B9A     		ldr	r2, [sp, #44]
  79 0046 5208     		lsrs	r2, r2, #1
  80 0048 0021     		movs	r1, #0
  81 004a 0AA8     		add	r0, sp, #40
  82 004c FFF7FEFF 		bl	TM_PWM_SetChannel
  83              	.LVL6:
  31:Src/main.c    ****     /* Set channel 2 value, 33% duty cycle */
  32:Src/main.c    ****     TM_PWM_SetChannel(&TIM4_Data, TM_PWM_Channel_2, TIM4_Data.Period / 3);
ARM GAS  /tmp/ccZWUGdY.s 			page 3


  84              		.loc 1 32 5 view .LVU9
  85 0050 0B9B     		ldr	r3, [sp, #44]
  86 0052 184A     		ldr	r2, .L4+12
  87 0054 A2FB0332 		umull	r3, r2, r2, r3
  88 0058 5208     		lsrs	r2, r2, #1
  89 005a 0121     		movs	r1, #1
  90 005c 0AA8     		add	r0, sp, #40
  91 005e FFF7FEFF 		bl	TM_PWM_SetChannel
  92              	.LVL7:
  33:Src/main.c    ****     /* Set channel 3 value, 25% duty cycle */
  34:Src/main.c    ****     TM_PWM_SetChannel(&TIM4_Data, TM_PWM_Channel_3, TIM4_Data.Period / 4);
  93              		.loc 1 34 5 view .LVU10
  94 0062 0B9A     		ldr	r2, [sp, #44]
  95 0064 9208     		lsrs	r2, r2, #2
  96 0066 0221     		movs	r1, #2
  97 0068 0AA8     		add	r0, sp, #40
  98 006a FFF7FEFF 		bl	TM_PWM_SetChannel
  99              	.LVL8:
  35:Src/main.c    ****     /* Set channel 4 value, 5% duty cycle*/
  36:Src/main.c    ****     TM_PWM_SetChannelPercent(&TIM4_Data, TM_PWM_Channel_4, 5);
 100              		.loc 1 36 5 view .LVU11
 101 006e B1EE040A 		vmov.f32	s0, #5.0e+0
 102 0072 0321     		movs	r1, #3
 103 0074 0AA8     		add	r0, sp, #40
 104 0076 FFF7FEFF 		bl	TM_PWM_SetChannelPercent
 105              	.LVL9:
  37:Src/main.c    **** /* STM32F4-Discovery LEDS stop */
  38:Src/main.c    ****  
  39:Src/main.c    **** /* Nucleo F4(0/1)1-RE LED start */
  40:Src/main.c    **** /* Led connected to PA5 */
  41:Src/main.c    ****  
  42:Src/main.c    ****     /* Set PWM to 1kHz frequency on timer TIM2 */
  43:Src/main.c    ****     /* 1 kHz = 1ms = 1000us */
  44:Src/main.c    ****     TM_PWM_InitTimer(TIM2, &TIM2_Data, 1000);
 106              		.loc 1 44 5 view .LVU12
 107 007a B0EE480A 		vmov.f32	s0, s16
 108 007e F0EE680A 		vmov.f32	s1, s17
 109 0082 6946     		mov	r1, sp
 110 0084 4FF08040 		mov	r0, #1073741824
 111 0088 FFF7FEFF 		bl	TM_PWM_InitTimer
 112              	.LVL10:
  45:Src/main.c    ****     
  46:Src/main.c    ****     /* Initialize PWM on TIM2, Channel 1 and PinsPack 2 = PA5 */
  47:Src/main.c    ****     TM_PWM_InitChannel(&TIM2_Data, TM_PWM_Channel_1, TM_PWM_PinsPack_2);
 113              		.loc 1 47 5 view .LVU13
 114 008c 0122     		movs	r2, #1
 115 008e 0021     		movs	r1, #0
 116 0090 6846     		mov	r0, sp
 117 0092 FFF7FEFF 		bl	TM_PWM_InitChannel
 118              	.LVL11:
  48:Src/main.c    ****     
  49:Src/main.c    ****     /* Set channel 1 value, 500us pulse high = 500 / 1000 = 0.5 = 50% duty cycle */
  50:Src/main.c    ****     TM_PWM_SetChannelMicros(&TIM2_Data, TM_PWM_Channel_1, 500);
 119              		.loc 1 50 5 view .LVU14
 120 0096 4FF4FA72 		mov	r2, #500
 121 009a 0021     		movs	r1, #0
 122 009c 6846     		mov	r0, sp
ARM GAS  /tmp/ccZWUGdY.s 			page 4


 123 009e FFF7FEFF 		bl	TM_PWM_SetChannelMicros
 124              	.LVL12:
 125              	.L2:
  51:Src/main.c    ****     
  52:Src/main.c    **** /* Nucleo F401-RE LED stop */
  53:Src/main.c    ****  
  54:Src/main.c    ****     while (1) {
 126              		.loc 1 54 5 discriminator 1 view .LVU15
  55:Src/main.c    ****         
  56:Src/main.c    ****     }    }
 127              		.loc 1 56 5 discriminator 1 view .LVU16
  54:Src/main.c    ****         
 128              		.loc 1 54 11 discriminator 1 view .LVU17
 129 00a2 FEE7     		b	.L2
 130              	.L5:
 131 00a4 AFF30080 		.align	3
 132              	.L4:
 133 00a8 00000000 		.word	0
 134 00ac 00408F40 		.word	1083129856
 135 00b0 00080040 		.word	1073743872
 136 00b4 ABAAAAAA 		.word	-1431655765
 137              		.cfi_endproc
 138              	.LFE130:
 140              		.text
 141              	.Letext0:
 142              		.file 2 "/usr/arm-none-eabi/include/machine/_default_types.h"
 143              		.file 3 "/usr/arm-none-eabi/include/sys/_stdint.h"
 144              		.file 4 "Drivers/CMSIS/Include/core_cm4.h"
 145              		.file 5 "Drivers/CMSIS/Device/ST/STM32F4xx/Include/system_stm32f4xx.h"
 146              		.file 6 "Drivers/CMSIS/Device/ST/STM32F4xx/Include/stm32f407xx.h"
 147              		.file 7 "Drivers/STM32F4xx_HAL_Driver/Inc/stm32f4xx_hal.h"
 148              		.file 8 "Src/tm_stm32f4_pwm.h"
ARM GAS  /tmp/ccZWUGdY.s 			page 5


DEFINED SYMBOLS
                            *ABS*:0000000000000000 main.c
     /tmp/ccZWUGdY.s:18     .text.main:0000000000000000 $t
     /tmp/ccZWUGdY.s:26     .text.main:0000000000000000 main
     /tmp/ccZWUGdY.s:133    .text.main:00000000000000a8 $d

UNDEFINED SYMBOLS
SystemInit
TM_PWM_InitTimer
TM_PWM_InitChannel
TM_PWM_SetChannel
TM_PWM_SetChannelPercent
TM_PWM_SetChannelMicros
