ARM GAS  /tmp/cc2khGTU.s 			page 1


   1              		.cpu cortex-m4
   2              		.eabi_attribute 27, 1
   3              		.eabi_attribute 28, 1
   4              		.eabi_attribute 20, 1
   5              		.eabi_attribute 21, 1
   6              		.eabi_attribute 23, 3
   7              		.eabi_attribute 24, 1
   8              		.eabi_attribute 25, 1
   9              		.eabi_attribute 26, 1
  10              		.eabi_attribute 30, 1
  11              		.eabi_attribute 34, 1
  12              		.eabi_attribute 18, 4
  13              		.file	"main.c"
  14              		.text
  15              	.Ltext0:
  16              		.cfi_sections	.debug_frame
  17              		.section	.text.MX_GPIO_Init,"ax",%progbits
  18              		.align	1
  19              		.arch armv7e-m
  20              		.syntax unified
  21              		.thumb
  22              		.thumb_func
  23              		.fpu fpv4-sp-d16
  25              	MX_GPIO_Init:
  26              	.LFB135:
  27              		.file 1 "Src/main.c"
   1:Src/main.c    **** /* USER CODE BEGIN Header */
   2:Src/main.c    **** /**
   3:Src/main.c    ****   ******************************************************************************
   4:Src/main.c    ****   * @file           : main.c
   5:Src/main.c    ****   * @brief          : Main program body
   6:Src/main.c    ****   ******************************************************************************
   7:Src/main.c    ****   * @attention
   8:Src/main.c    ****   *
   9:Src/main.c    ****   * <h2><center>&copy; Copyright (c) 2020 STMicroelectronics.
  10:Src/main.c    ****   * All rights reserved.</center></h2>
  11:Src/main.c    ****   *
  12:Src/main.c    ****   * This software component is licensed by ST under Ultimate Liberty license
  13:Src/main.c    ****   * SLA0044, the "License"; You may not use this file except in compliance with
  14:Src/main.c    ****   * the License. You may obtain a copy of the License at:
  15:Src/main.c    ****   *                             www.st.com/SLA0044
  16:Src/main.c    ****   *
  17:Src/main.c    ****   ******************************************************************************
  18:Src/main.c    ****   */
  19:Src/main.c    **** /* USER CODE END Header */
  20:Src/main.c    **** 
  21:Src/main.c    **** /* Includes ------------------------------------------------------------------*/
  22:Src/main.c    **** #include "main.h"
  23:Src/main.c    **** #include "usb_host.h"
  24:Src/main.c    **** 
  25:Src/main.c    **** /* Private includes ----------------------------------------------------------*/
  26:Src/main.c    **** /* USER CODE BEGIN Includes */
  27:Src/main.c    **** 
  28:Src/main.c    **** /* USER CODE END Includes */
  29:Src/main.c    **** 
  30:Src/main.c    **** /* Private typedef -----------------------------------------------------------*/
  31:Src/main.c    **** /* USER CODE BEGIN PTD */
ARM GAS  /tmp/cc2khGTU.s 			page 2


  32:Src/main.c    **** 
  33:Src/main.c    **** /* USER CODE END PTD */
  34:Src/main.c    **** 
  35:Src/main.c    **** /* Private define ------------------------------------------------------------*/
  36:Src/main.c    **** /* USER CODE BEGIN PD */
  37:Src/main.c    **** /* USER CODE END PD */
  38:Src/main.c    **** 
  39:Src/main.c    **** /* Private macro -------------------------------------------------------------*/
  40:Src/main.c    **** /* USER CODE BEGIN PM */
  41:Src/main.c    **** 
  42:Src/main.c    **** /* USER CODE END PM */
  43:Src/main.c    **** 
  44:Src/main.c    **** /* Private variables ---------------------------------------------------------*/
  45:Src/main.c    **** I2C_HandleTypeDef hi2c1;
  46:Src/main.c    **** 
  47:Src/main.c    **** I2S_HandleTypeDef hi2s3;
  48:Src/main.c    **** 
  49:Src/main.c    **** SPI_HandleTypeDef hspi1;
  50:Src/main.c    **** 
  51:Src/main.c    **** /* USER CODE BEGIN PV */
  52:Src/main.c    **** 
  53:Src/main.c    **** /* USER CODE END PV */
  54:Src/main.c    **** 
  55:Src/main.c    **** /* Private function prototypes -----------------------------------------------*/
  56:Src/main.c    **** void SystemClock_Config(void);
  57:Src/main.c    **** static void MX_GPIO_Init(void);
  58:Src/main.c    **** static void MX_I2C1_Init(void);
  59:Src/main.c    **** static void MX_I2S3_Init(void);
  60:Src/main.c    **** static void MX_SPI1_Init(void);
  61:Src/main.c    **** void MX_USB_HOST_Process(void);
  62:Src/main.c    **** 
  63:Src/main.c    **** /* USER CODE BEGIN PFP */
  64:Src/main.c    **** 
  65:Src/main.c    **** /* USER CODE END PFP */
  66:Src/main.c    **** 
  67:Src/main.c    **** /* Private user code ---------------------------------------------------------*/
  68:Src/main.c    **** /* USER CODE BEGIN 0 */
  69:Src/main.c    **** 
  70:Src/main.c    **** /* USER CODE END 0 */
  71:Src/main.c    **** 
  72:Src/main.c    **** /**
  73:Src/main.c    ****   * @brief  The application entry point.
  74:Src/main.c    ****   * @retval int
  75:Src/main.c    ****   */
  76:Src/main.c    **** int main(void)
  77:Src/main.c    **** {
  78:Src/main.c    ****   /* USER CODE BEGIN 1 */
  79:Src/main.c    **** 
  80:Src/main.c    ****   /* USER CODE END 1 */
  81:Src/main.c    ****   
  82:Src/main.c    **** 
  83:Src/main.c    ****   /* MCU Configuration--------------------------------------------------------*/
  84:Src/main.c    **** 
  85:Src/main.c    ****   /* Reset of all peripherals, Initializes the Flash interface and the Systick. */
  86:Src/main.c    ****   HAL_Init();
  87:Src/main.c    **** 
  88:Src/main.c    ****   /* USER CODE BEGIN Init */
ARM GAS  /tmp/cc2khGTU.s 			page 3


  89:Src/main.c    **** 
  90:Src/main.c    ****   /* USER CODE END Init */
  91:Src/main.c    **** 
  92:Src/main.c    ****   /* Configure the system clock */
  93:Src/main.c    ****   SystemClock_Config();
  94:Src/main.c    **** 
  95:Src/main.c    ****   /* USER CODE BEGIN SysInit */
  96:Src/main.c    **** 
  97:Src/main.c    ****   /* USER CODE END SysInit */
  98:Src/main.c    **** 
  99:Src/main.c    ****   /* Initialize all configured peripherals */
 100:Src/main.c    ****   MX_GPIO_Init();
 101:Src/main.c    ****   MX_I2C1_Init();
 102:Src/main.c    ****   MX_I2S3_Init();
 103:Src/main.c    ****   MX_SPI1_Init();
 104:Src/main.c    ****   MX_USB_HOST_Init();
 105:Src/main.c    ****   /* USER CODE BEGIN 2 */ 
 106:Src/main.c    **** 
 107:Src/main.c    ****   /* USER CODE END 2 */
 108:Src/main.c    ****  
 109:Src/main.c    ****  
 110:Src/main.c    **** 
 111:Src/main.c    ****   /* Infinite loop */
 112:Src/main.c    ****   /* USER CODE BEGIN WHILE */
 113:Src/main.c    ****   while (1)
 114:Src/main.c    ****   {
 115:Src/main.c    ****     /* USER CODE END WHILE */
 116:Src/main.c    ****     MX_USB_HOST_Process();
 117:Src/main.c    **** 
 118:Src/main.c    ****     /* USER CODE BEGIN 3 */
 119:Src/main.c    ****     HAL_GPIO_WritePin(GPIOD, LD5_Pin, GPIO_PIN_RESET);
 120:Src/main.c    ****     HAL_Delay(100);
 121:Src/main.c    **** 
 122:Src/main.c    ****     HAL_GPIO_WritePin(GPIOD, LD5_Pin, GPIO_PIN_SET);
 123:Src/main.c    **** 
 124:Src/main.c    **** 
 125:Src/main.c    ****   }
 126:Src/main.c    ****   /* USER CODE END 3 */
 127:Src/main.c    **** }
 128:Src/main.c    **** 
 129:Src/main.c    **** /**
 130:Src/main.c    ****   * @brief System Clock Configuration
 131:Src/main.c    ****   * @retval None
 132:Src/main.c    ****   */
 133:Src/main.c    **** void SystemClock_Config(void)
 134:Src/main.c    **** {
 135:Src/main.c    ****   RCC_OscInitTypeDef RCC_OscInitStruct = {0};
 136:Src/main.c    ****   RCC_ClkInitTypeDef RCC_ClkInitStruct = {0};
 137:Src/main.c    ****   RCC_PeriphCLKInitTypeDef PeriphClkInitStruct = {0};
 138:Src/main.c    **** 
 139:Src/main.c    ****   /** Configure the main internal regulator output voltage 
 140:Src/main.c    ****   */
 141:Src/main.c    ****   __HAL_RCC_PWR_CLK_ENABLE();
 142:Src/main.c    ****   __HAL_PWR_VOLTAGESCALING_CONFIG(PWR_REGULATOR_VOLTAGE_SCALE1);
 143:Src/main.c    ****   /** Initializes the CPU, AHB and APB busses clocks 
 144:Src/main.c    ****   */
 145:Src/main.c    ****   RCC_OscInitStruct.OscillatorType = RCC_OSCILLATORTYPE_HSE;
ARM GAS  /tmp/cc2khGTU.s 			page 4


 146:Src/main.c    ****   RCC_OscInitStruct.HSEState = RCC_HSE_ON;
 147:Src/main.c    ****   RCC_OscInitStruct.PLL.PLLState = RCC_PLL_ON;
 148:Src/main.c    ****   RCC_OscInitStruct.PLL.PLLSource = RCC_PLLSOURCE_HSE;
 149:Src/main.c    ****   RCC_OscInitStruct.PLL.PLLM = 8;
 150:Src/main.c    ****   RCC_OscInitStruct.PLL.PLLN = 336;
 151:Src/main.c    ****   RCC_OscInitStruct.PLL.PLLP = RCC_PLLP_DIV2;
 152:Src/main.c    ****   RCC_OscInitStruct.PLL.PLLQ = 7;
 153:Src/main.c    ****   if (HAL_RCC_OscConfig(&RCC_OscInitStruct) != HAL_OK)
 154:Src/main.c    ****   {
 155:Src/main.c    ****     Error_Handler();
 156:Src/main.c    ****   }
 157:Src/main.c    ****   /** Initializes the CPU, AHB and APB busses clocks 
 158:Src/main.c    ****   */
 159:Src/main.c    ****   RCC_ClkInitStruct.ClockType = RCC_CLOCKTYPE_HCLK|RCC_CLOCKTYPE_SYSCLK
 160:Src/main.c    ****                               |RCC_CLOCKTYPE_PCLK1|RCC_CLOCKTYPE_PCLK2;
 161:Src/main.c    ****   RCC_ClkInitStruct.SYSCLKSource = RCC_SYSCLKSOURCE_PLLCLK;
 162:Src/main.c    ****   RCC_ClkInitStruct.AHBCLKDivider = RCC_SYSCLK_DIV1;
 163:Src/main.c    ****   RCC_ClkInitStruct.APB1CLKDivider = RCC_HCLK_DIV4;
 164:Src/main.c    ****   RCC_ClkInitStruct.APB2CLKDivider = RCC_HCLK_DIV2;
 165:Src/main.c    **** 
 166:Src/main.c    ****   if (HAL_RCC_ClockConfig(&RCC_ClkInitStruct, FLASH_LATENCY_5) != HAL_OK)
 167:Src/main.c    ****   {
 168:Src/main.c    ****     Error_Handler();
 169:Src/main.c    ****   }
 170:Src/main.c    ****   PeriphClkInitStruct.PeriphClockSelection = RCC_PERIPHCLK_I2S;
 171:Src/main.c    ****   PeriphClkInitStruct.PLLI2S.PLLI2SN = 192;
 172:Src/main.c    ****   PeriphClkInitStruct.PLLI2S.PLLI2SR = 2;
 173:Src/main.c    ****   if (HAL_RCCEx_PeriphCLKConfig(&PeriphClkInitStruct) != HAL_OK)
 174:Src/main.c    ****   {
 175:Src/main.c    ****     Error_Handler();
 176:Src/main.c    ****   }
 177:Src/main.c    **** }
 178:Src/main.c    **** 
 179:Src/main.c    **** /**
 180:Src/main.c    ****   * @brief I2C1 Initialization Function
 181:Src/main.c    ****   * @param None
 182:Src/main.c    ****   * @retval None
 183:Src/main.c    ****   */
 184:Src/main.c    **** static void MX_I2C1_Init(void)
 185:Src/main.c    **** {
 186:Src/main.c    **** 
 187:Src/main.c    ****   /* USER CODE BEGIN I2C1_Init 0 */
 188:Src/main.c    **** 
 189:Src/main.c    ****   /* USER CODE END I2C1_Init 0 */
 190:Src/main.c    **** 
 191:Src/main.c    ****   /* USER CODE BEGIN I2C1_Init 1 */
 192:Src/main.c    **** 
 193:Src/main.c    ****   /* USER CODE END I2C1_Init 1 */
 194:Src/main.c    ****   hi2c1.Instance = I2C1;
 195:Src/main.c    ****   hi2c1.Init.ClockSpeed = 100000;
 196:Src/main.c    ****   hi2c1.Init.DutyCycle = I2C_DUTYCYCLE_2;
 197:Src/main.c    ****   hi2c1.Init.OwnAddress1 = 0;
 198:Src/main.c    ****   hi2c1.Init.AddressingMode = I2C_ADDRESSINGMODE_7BIT;
 199:Src/main.c    ****   hi2c1.Init.DualAddressMode = I2C_DUALADDRESS_DISABLE;
 200:Src/main.c    ****   hi2c1.Init.OwnAddress2 = 0;
 201:Src/main.c    ****   hi2c1.Init.GeneralCallMode = I2C_GENERALCALL_DISABLE;
 202:Src/main.c    ****   hi2c1.Init.NoStretchMode = I2C_NOSTRETCH_DISABLE;
ARM GAS  /tmp/cc2khGTU.s 			page 5


 203:Src/main.c    ****   if (HAL_I2C_Init(&hi2c1) != HAL_OK)
 204:Src/main.c    ****   {
 205:Src/main.c    ****     Error_Handler();
 206:Src/main.c    ****   }
 207:Src/main.c    ****   /* USER CODE BEGIN I2C1_Init 2 */
 208:Src/main.c    **** 
 209:Src/main.c    ****   /* USER CODE END I2C1_Init 2 */
 210:Src/main.c    **** 
 211:Src/main.c    **** }
 212:Src/main.c    **** 
 213:Src/main.c    **** /**
 214:Src/main.c    ****   * @brief I2S3 Initialization Function
 215:Src/main.c    ****   * @param None
 216:Src/main.c    ****   * @retval None
 217:Src/main.c    ****   */
 218:Src/main.c    **** static void MX_I2S3_Init(void)
 219:Src/main.c    **** {
 220:Src/main.c    **** 
 221:Src/main.c    ****   /* USER CODE BEGIN I2S3_Init 0 */
 222:Src/main.c    **** 
 223:Src/main.c    ****   /* USER CODE END I2S3_Init 0 */
 224:Src/main.c    **** 
 225:Src/main.c    ****   /* USER CODE BEGIN I2S3_Init 1 */
 226:Src/main.c    **** 
 227:Src/main.c    ****   /* USER CODE END I2S3_Init 1 */
 228:Src/main.c    ****   hi2s3.Instance = SPI3;
 229:Src/main.c    ****   hi2s3.Init.Mode = I2S_MODE_MASTER_TX;
 230:Src/main.c    ****   hi2s3.Init.Standard = I2S_STANDARD_PHILIPS;
 231:Src/main.c    ****   hi2s3.Init.DataFormat = I2S_DATAFORMAT_16B;
 232:Src/main.c    ****   hi2s3.Init.MCLKOutput = I2S_MCLKOUTPUT_ENABLE;
 233:Src/main.c    ****   hi2s3.Init.AudioFreq = I2S_AUDIOFREQ_96K;
 234:Src/main.c    ****   hi2s3.Init.CPOL = I2S_CPOL_LOW;
 235:Src/main.c    ****   hi2s3.Init.ClockSource = I2S_CLOCK_PLL;
 236:Src/main.c    ****   hi2s3.Init.FullDuplexMode = I2S_FULLDUPLEXMODE_DISABLE;
 237:Src/main.c    ****   if (HAL_I2S_Init(&hi2s3) != HAL_OK)
 238:Src/main.c    ****   {
 239:Src/main.c    ****     Error_Handler();
 240:Src/main.c    ****   }
 241:Src/main.c    ****   /* USER CODE BEGIN I2S3_Init 2 */
 242:Src/main.c    **** 
 243:Src/main.c    ****   /* USER CODE END I2S3_Init 2 */
 244:Src/main.c    **** 
 245:Src/main.c    **** }
 246:Src/main.c    **** 
 247:Src/main.c    **** /**
 248:Src/main.c    ****   * @brief SPI1 Initialization Function
 249:Src/main.c    ****   * @param None
 250:Src/main.c    ****   * @retval None
 251:Src/main.c    ****   */
 252:Src/main.c    **** static void MX_SPI1_Init(void)
 253:Src/main.c    **** {
 254:Src/main.c    **** 
 255:Src/main.c    ****   /* USER CODE BEGIN SPI1_Init 0 */
 256:Src/main.c    **** 
 257:Src/main.c    ****   /* USER CODE END SPI1_Init 0 */
 258:Src/main.c    **** 
 259:Src/main.c    ****   /* USER CODE BEGIN SPI1_Init 1 */
ARM GAS  /tmp/cc2khGTU.s 			page 6


 260:Src/main.c    **** 
 261:Src/main.c    ****   /* USER CODE END SPI1_Init 1 */
 262:Src/main.c    ****   /* SPI1 parameter configuration*/
 263:Src/main.c    ****   hspi1.Instance = SPI1;
 264:Src/main.c    ****   hspi1.Init.Mode = SPI_MODE_MASTER;
 265:Src/main.c    ****   hspi1.Init.Direction = SPI_DIRECTION_2LINES;
 266:Src/main.c    ****   hspi1.Init.DataSize = SPI_DATASIZE_8BIT;
 267:Src/main.c    ****   hspi1.Init.CLKPolarity = SPI_POLARITY_LOW;
 268:Src/main.c    ****   hspi1.Init.CLKPhase = SPI_PHASE_1EDGE;
 269:Src/main.c    ****   hspi1.Init.NSS = SPI_NSS_SOFT;
 270:Src/main.c    ****   hspi1.Init.BaudRatePrescaler = SPI_BAUDRATEPRESCALER_2;
 271:Src/main.c    ****   hspi1.Init.FirstBit = SPI_FIRSTBIT_MSB;
 272:Src/main.c    ****   hspi1.Init.TIMode = SPI_TIMODE_DISABLE;
 273:Src/main.c    ****   hspi1.Init.CRCCalculation = SPI_CRCCALCULATION_DISABLE;
 274:Src/main.c    ****   hspi1.Init.CRCPolynomial = 10;
 275:Src/main.c    ****   if (HAL_SPI_Init(&hspi1) != HAL_OK)
 276:Src/main.c    ****   {
 277:Src/main.c    ****     Error_Handler();
 278:Src/main.c    ****   }
 279:Src/main.c    ****   /* USER CODE BEGIN SPI1_Init 2 */
 280:Src/main.c    **** 
 281:Src/main.c    ****   /* USER CODE END SPI1_Init 2 */
 282:Src/main.c    **** 
 283:Src/main.c    **** }
 284:Src/main.c    **** 
 285:Src/main.c    **** /**
 286:Src/main.c    ****   * @brief GPIO Initialization Function
 287:Src/main.c    ****   * @param None
 288:Src/main.c    ****   * @retval None
 289:Src/main.c    ****   */
 290:Src/main.c    **** static void MX_GPIO_Init(void)
 291:Src/main.c    **** {
  28              		.loc 1 291 1 view -0
  29              		.cfi_startproc
  30              		@ args = 0, pretend = 0, frame = 48
  31              		@ frame_needed = 0, uses_anonymous_args = 0
  32 0000 2DE9F04F 		push	{r4, r5, r6, r7, r8, r9, r10, fp, lr}
  33              	.LCFI0:
  34              		.cfi_def_cfa_offset 36
  35              		.cfi_offset 4, -36
  36              		.cfi_offset 5, -32
  37              		.cfi_offset 6, -28
  38              		.cfi_offset 7, -24
  39              		.cfi_offset 8, -20
  40              		.cfi_offset 9, -16
  41              		.cfi_offset 10, -12
  42              		.cfi_offset 11, -8
  43              		.cfi_offset 14, -4
  44 0004 8DB0     		sub	sp, sp, #52
  45              	.LCFI1:
  46              		.cfi_def_cfa_offset 88
 292:Src/main.c    ****   GPIO_InitTypeDef GPIO_InitStruct = {0};
  47              		.loc 1 292 3 view .LVU1
  48              		.loc 1 292 20 is_stmt 0 view .LVU2
  49 0006 0024     		movs	r4, #0
  50 0008 0794     		str	r4, [sp, #28]
  51 000a 0894     		str	r4, [sp, #32]
ARM GAS  /tmp/cc2khGTU.s 			page 7


  52 000c 0994     		str	r4, [sp, #36]
  53 000e 0A94     		str	r4, [sp, #40]
  54 0010 0B94     		str	r4, [sp, #44]
 293:Src/main.c    **** 
 294:Src/main.c    ****   /* GPIO Ports Clock Enable */
 295:Src/main.c    ****   __HAL_RCC_GPIOE_CLK_ENABLE();
  55              		.loc 1 295 3 is_stmt 1 view .LVU3
  56              	.LBB2:
  57              		.loc 1 295 3 view .LVU4
  58 0012 0194     		str	r4, [sp, #4]
  59              		.loc 1 295 3 view .LVU5
  60 0014 614B     		ldr	r3, .L3
  61 0016 1A6B     		ldr	r2, [r3, #48]
  62 0018 42F01002 		orr	r2, r2, #16
  63 001c 1A63     		str	r2, [r3, #48]
  64              		.loc 1 295 3 view .LVU6
  65 001e 1A6B     		ldr	r2, [r3, #48]
  66 0020 02F01002 		and	r2, r2, #16
  67 0024 0192     		str	r2, [sp, #4]
  68              		.loc 1 295 3 view .LVU7
  69 0026 019A     		ldr	r2, [sp, #4]
  70              	.LBE2:
  71              		.loc 1 295 3 view .LVU8
 296:Src/main.c    ****   __HAL_RCC_GPIOC_CLK_ENABLE();
  72              		.loc 1 296 3 view .LVU9
  73              	.LBB3:
  74              		.loc 1 296 3 view .LVU10
  75 0028 0294     		str	r4, [sp, #8]
  76              		.loc 1 296 3 view .LVU11
  77 002a 1A6B     		ldr	r2, [r3, #48]
  78 002c 42F00402 		orr	r2, r2, #4
  79 0030 1A63     		str	r2, [r3, #48]
  80              		.loc 1 296 3 view .LVU12
  81 0032 1A6B     		ldr	r2, [r3, #48]
  82 0034 02F00402 		and	r2, r2, #4
  83 0038 0292     		str	r2, [sp, #8]
  84              		.loc 1 296 3 view .LVU13
  85 003a 029A     		ldr	r2, [sp, #8]
  86              	.LBE3:
  87              		.loc 1 296 3 view .LVU14
 297:Src/main.c    ****   __HAL_RCC_GPIOH_CLK_ENABLE();
  88              		.loc 1 297 3 view .LVU15
  89              	.LBB4:
  90              		.loc 1 297 3 view .LVU16
  91 003c 0394     		str	r4, [sp, #12]
  92              		.loc 1 297 3 view .LVU17
  93 003e 1A6B     		ldr	r2, [r3, #48]
  94 0040 42F08002 		orr	r2, r2, #128
  95 0044 1A63     		str	r2, [r3, #48]
  96              		.loc 1 297 3 view .LVU18
  97 0046 1A6B     		ldr	r2, [r3, #48]
  98 0048 02F08002 		and	r2, r2, #128
  99 004c 0392     		str	r2, [sp, #12]
 100              		.loc 1 297 3 view .LVU19
 101 004e 039A     		ldr	r2, [sp, #12]
 102              	.LBE4:
 103              		.loc 1 297 3 view .LVU20
ARM GAS  /tmp/cc2khGTU.s 			page 8


 298:Src/main.c    ****   __HAL_RCC_GPIOA_CLK_ENABLE();
 104              		.loc 1 298 3 view .LVU21
 105              	.LBB5:
 106              		.loc 1 298 3 view .LVU22
 107 0050 0494     		str	r4, [sp, #16]
 108              		.loc 1 298 3 view .LVU23
 109 0052 1A6B     		ldr	r2, [r3, #48]
 110 0054 42F00102 		orr	r2, r2, #1
 111 0058 1A63     		str	r2, [r3, #48]
 112              		.loc 1 298 3 view .LVU24
 113 005a 1A6B     		ldr	r2, [r3, #48]
 114 005c 02F00102 		and	r2, r2, #1
 115 0060 0492     		str	r2, [sp, #16]
 116              		.loc 1 298 3 view .LVU25
 117 0062 049A     		ldr	r2, [sp, #16]
 118              	.LBE5:
 119              		.loc 1 298 3 view .LVU26
 299:Src/main.c    ****   __HAL_RCC_GPIOB_CLK_ENABLE();
 120              		.loc 1 299 3 view .LVU27
 121              	.LBB6:
 122              		.loc 1 299 3 view .LVU28
 123 0064 0594     		str	r4, [sp, #20]
 124              		.loc 1 299 3 view .LVU29
 125 0066 1A6B     		ldr	r2, [r3, #48]
 126 0068 42F00202 		orr	r2, r2, #2
 127 006c 1A63     		str	r2, [r3, #48]
 128              		.loc 1 299 3 view .LVU30
 129 006e 1A6B     		ldr	r2, [r3, #48]
 130 0070 02F00202 		and	r2, r2, #2
 131 0074 0592     		str	r2, [sp, #20]
 132              		.loc 1 299 3 view .LVU31
 133 0076 059A     		ldr	r2, [sp, #20]
 134              	.LBE6:
 135              		.loc 1 299 3 view .LVU32
 300:Src/main.c    ****   __HAL_RCC_GPIOD_CLK_ENABLE();
 136              		.loc 1 300 3 view .LVU33
 137              	.LBB7:
 138              		.loc 1 300 3 view .LVU34
 139 0078 0694     		str	r4, [sp, #24]
 140              		.loc 1 300 3 view .LVU35
 141 007a 1A6B     		ldr	r2, [r3, #48]
 142 007c 42F00802 		orr	r2, r2, #8
 143 0080 1A63     		str	r2, [r3, #48]
 144              		.loc 1 300 3 view .LVU36
 145 0082 1B6B     		ldr	r3, [r3, #48]
 146 0084 03F00803 		and	r3, r3, #8
 147 0088 0693     		str	r3, [sp, #24]
 148              		.loc 1 300 3 view .LVU37
 149 008a 069B     		ldr	r3, [sp, #24]
 150              	.LBE7:
 151              		.loc 1 300 3 view .LVU38
 301:Src/main.c    **** 
 302:Src/main.c    ****   /*Configure GPIO pin Output Level */
 303:Src/main.c    ****   HAL_GPIO_WritePin(CS_I2C_SPI_GPIO_Port, CS_I2C_SPI_Pin, GPIO_PIN_RESET);
 152              		.loc 1 303 3 view .LVU39
 153 008c 444F     		ldr	r7, .L3+4
 154 008e 2246     		mov	r2, r4
ARM GAS  /tmp/cc2khGTU.s 			page 9


 155 0090 0821     		movs	r1, #8
 156 0092 3846     		mov	r0, r7
 157 0094 FFF7FEFF 		bl	HAL_GPIO_WritePin
 158              	.LVL0:
 304:Src/main.c    **** 
 305:Src/main.c    ****   /*Configure GPIO pin Output Level */
 306:Src/main.c    ****   HAL_GPIO_WritePin(OTG_FS_PowerSwitchOn_GPIO_Port, OTG_FS_PowerSwitchOn_Pin, GPIO_PIN_SET);
 159              		.loc 1 306 3 view .LVU40
 160 0098 DFF810A1 		ldr	r10, .L3+16
 161 009c 0122     		movs	r2, #1
 162 009e 1146     		mov	r1, r2
 163 00a0 5046     		mov	r0, r10
 164 00a2 FFF7FEFF 		bl	HAL_GPIO_WritePin
 165              	.LVL1:
 307:Src/main.c    **** 
 308:Src/main.c    ****   /*Configure GPIO pin Output Level */
 309:Src/main.c    ****   HAL_GPIO_WritePin(LED_Built_GPIO_Port, LED_Built_Pin, GPIO_PIN_RESET);
 166              		.loc 1 309 3 view .LVU41
 167 00a6 3F4E     		ldr	r6, .L3+8
 168 00a8 2246     		mov	r2, r4
 169 00aa 4FF48051 		mov	r1, #4096
 170 00ae 3046     		mov	r0, r6
 171 00b0 FFF7FEFF 		bl	HAL_GPIO_WritePin
 172              	.LVL2:
 310:Src/main.c    **** 
 311:Src/main.c    ****   /*Configure GPIO pin Output Level */
 312:Src/main.c    ****   HAL_GPIO_WritePin(GPIOD, MonPin_Pin|LD4_Pin|LD3_Pin|LD5_Pin 
 173              		.loc 1 312 3 view .LVU42
 174 00b4 DFF8F890 		ldr	r9, .L3+20
 175 00b8 2246     		mov	r2, r4
 176 00ba 4FF21021 		movw	r1, #61968
 177 00be 4846     		mov	r0, r9
 178 00c0 FFF7FEFF 		bl	HAL_GPIO_WritePin
 179              	.LVL3:
 313:Src/main.c    ****                           |LD6_Pin|Audio_RST_Pin, GPIO_PIN_RESET);
 314:Src/main.c    **** 
 315:Src/main.c    ****   /*Configure GPIO pin : CS_I2C_SPI_Pin */
 316:Src/main.c    ****   GPIO_InitStruct.Pin = CS_I2C_SPI_Pin;
 180              		.loc 1 316 3 view .LVU43
 181              		.loc 1 316 23 is_stmt 0 view .LVU44
 182 00c4 4FF00808 		mov	r8, #8
 183 00c8 CDF81C80 		str	r8, [sp, #28]
 317:Src/main.c    ****   GPIO_InitStruct.Mode = GPIO_MODE_OUTPUT_PP;
 184              		.loc 1 317 3 is_stmt 1 view .LVU45
 185              		.loc 1 317 24 is_stmt 0 view .LVU46
 186 00cc 0125     		movs	r5, #1
 187 00ce 0895     		str	r5, [sp, #32]
 318:Src/main.c    ****   GPIO_InitStruct.Pull = GPIO_NOPULL;
 188              		.loc 1 318 3 is_stmt 1 view .LVU47
 189              		.loc 1 318 24 is_stmt 0 view .LVU48
 190 00d0 0994     		str	r4, [sp, #36]
 319:Src/main.c    ****   GPIO_InitStruct.Speed = GPIO_SPEED_FREQ_LOW;
 191              		.loc 1 319 3 is_stmt 1 view .LVU49
 192              		.loc 1 319 25 is_stmt 0 view .LVU50
 193 00d2 0A94     		str	r4, [sp, #40]
 320:Src/main.c    ****   HAL_GPIO_Init(CS_I2C_SPI_GPIO_Port, &GPIO_InitStruct);
 194              		.loc 1 320 3 is_stmt 1 view .LVU51
ARM GAS  /tmp/cc2khGTU.s 			page 10


 195 00d4 07A9     		add	r1, sp, #28
 196 00d6 3846     		mov	r0, r7
 197 00d8 FFF7FEFF 		bl	HAL_GPIO_Init
 198              	.LVL4:
 321:Src/main.c    **** 
 322:Src/main.c    ****   /*Configure GPIO pin : OTG_FS_PowerSwitchOn_Pin */
 323:Src/main.c    ****   GPIO_InitStruct.Pin = OTG_FS_PowerSwitchOn_Pin;
 199              		.loc 1 323 3 view .LVU52
 200              		.loc 1 323 23 is_stmt 0 view .LVU53
 201 00dc 0795     		str	r5, [sp, #28]
 324:Src/main.c    ****   GPIO_InitStruct.Mode = GPIO_MODE_OUTPUT_PP;
 202              		.loc 1 324 3 is_stmt 1 view .LVU54
 203              		.loc 1 324 24 is_stmt 0 view .LVU55
 204 00de 0895     		str	r5, [sp, #32]
 325:Src/main.c    ****   GPIO_InitStruct.Pull = GPIO_NOPULL;
 205              		.loc 1 325 3 is_stmt 1 view .LVU56
 206              		.loc 1 325 24 is_stmt 0 view .LVU57
 207 00e0 0994     		str	r4, [sp, #36]
 326:Src/main.c    ****   GPIO_InitStruct.Speed = GPIO_SPEED_FREQ_LOW;
 208              		.loc 1 326 3 is_stmt 1 view .LVU58
 209              		.loc 1 326 25 is_stmt 0 view .LVU59
 210 00e2 0A94     		str	r4, [sp, #40]
 327:Src/main.c    ****   HAL_GPIO_Init(OTG_FS_PowerSwitchOn_GPIO_Port, &GPIO_InitStruct);
 211              		.loc 1 327 3 is_stmt 1 view .LVU60
 212 00e4 07A9     		add	r1, sp, #28
 213 00e6 5046     		mov	r0, r10
 214 00e8 FFF7FEFF 		bl	HAL_GPIO_Init
 215              	.LVL5:
 328:Src/main.c    **** 
 329:Src/main.c    ****   /*Configure GPIO pin : PDM_OUT_Pin */
 330:Src/main.c    ****   GPIO_InitStruct.Pin = PDM_OUT_Pin;
 216              		.loc 1 330 3 view .LVU61
 217              		.loc 1 330 23 is_stmt 0 view .LVU62
 218 00ec CDF81C80 		str	r8, [sp, #28]
 331:Src/main.c    ****   GPIO_InitStruct.Mode = GPIO_MODE_AF_PP;
 219              		.loc 1 331 3 is_stmt 1 view .LVU63
 220              		.loc 1 331 24 is_stmt 0 view .LVU64
 221 00f0 4FF00208 		mov	r8, #2
 222 00f4 CDF82080 		str	r8, [sp, #32]
 332:Src/main.c    ****   GPIO_InitStruct.Pull = GPIO_NOPULL;
 223              		.loc 1 332 3 is_stmt 1 view .LVU65
 224              		.loc 1 332 24 is_stmt 0 view .LVU66
 225 00f8 0994     		str	r4, [sp, #36]
 333:Src/main.c    ****   GPIO_InitStruct.Speed = GPIO_SPEED_FREQ_LOW;
 226              		.loc 1 333 3 is_stmt 1 view .LVU67
 227              		.loc 1 333 25 is_stmt 0 view .LVU68
 228 00fa 0A94     		str	r4, [sp, #40]
 334:Src/main.c    ****   GPIO_InitStruct.Alternate = GPIO_AF5_SPI2;
 229              		.loc 1 334 3 is_stmt 1 view .LVU69
 230              		.loc 1 334 29 is_stmt 0 view .LVU70
 231 00fc 4FF0050B 		mov	fp, #5
 232 0100 CDF82CB0 		str	fp, [sp, #44]
 335:Src/main.c    ****   HAL_GPIO_Init(PDM_OUT_GPIO_Port, &GPIO_InitStruct);
 233              		.loc 1 335 3 is_stmt 1 view .LVU71
 234 0104 07A9     		add	r1, sp, #28
 235 0106 5046     		mov	r0, r10
 236 0108 FFF7FEFF 		bl	HAL_GPIO_Init
ARM GAS  /tmp/cc2khGTU.s 			page 11


 237              	.LVL6:
 336:Src/main.c    **** 
 337:Src/main.c    ****   /*Configure GPIO pin : B1_Pin */
 338:Src/main.c    ****   GPIO_InitStruct.Pin = B1_Pin;
 238              		.loc 1 338 3 view .LVU72
 239              		.loc 1 338 23 is_stmt 0 view .LVU73
 240 010c 0795     		str	r5, [sp, #28]
 339:Src/main.c    ****   GPIO_InitStruct.Mode = GPIO_MODE_EVT_RISING;
 241              		.loc 1 339 3 is_stmt 1 view .LVU74
 242              		.loc 1 339 24 is_stmt 0 view .LVU75
 243 010e DFF8A4A0 		ldr	r10, .L3+24
 244 0112 CDF820A0 		str	r10, [sp, #32]
 340:Src/main.c    ****   GPIO_InitStruct.Pull = GPIO_NOPULL;
 245              		.loc 1 340 3 is_stmt 1 view .LVU76
 246              		.loc 1 340 24 is_stmt 0 view .LVU77
 247 0116 0994     		str	r4, [sp, #36]
 341:Src/main.c    ****   HAL_GPIO_Init(B1_GPIO_Port, &GPIO_InitStruct);
 248              		.loc 1 341 3 is_stmt 1 view .LVU78
 249 0118 07A9     		add	r1, sp, #28
 250 011a 2348     		ldr	r0, .L3+12
 251 011c FFF7FEFF 		bl	HAL_GPIO_Init
 252              	.LVL7:
 342:Src/main.c    **** 
 343:Src/main.c    ****   /*Configure GPIO pin : BOOT1_Pin */
 344:Src/main.c    ****   GPIO_InitStruct.Pin = BOOT1_Pin;
 253              		.loc 1 344 3 view .LVU79
 254              		.loc 1 344 23 is_stmt 0 view .LVU80
 255 0120 0423     		movs	r3, #4
 256 0122 0793     		str	r3, [sp, #28]
 345:Src/main.c    ****   GPIO_InitStruct.Mode = GPIO_MODE_INPUT;
 257              		.loc 1 345 3 is_stmt 1 view .LVU81
 258              		.loc 1 345 24 is_stmt 0 view .LVU82
 259 0124 0894     		str	r4, [sp, #32]
 346:Src/main.c    ****   GPIO_InitStruct.Pull = GPIO_NOPULL;
 260              		.loc 1 346 3 is_stmt 1 view .LVU83
 261              		.loc 1 346 24 is_stmt 0 view .LVU84
 262 0126 0994     		str	r4, [sp, #36]
 347:Src/main.c    ****   HAL_GPIO_Init(BOOT1_GPIO_Port, &GPIO_InitStruct);
 263              		.loc 1 347 3 is_stmt 1 view .LVU85
 264 0128 07A9     		add	r1, sp, #28
 265 012a 3046     		mov	r0, r6
 266 012c FFF7FEFF 		bl	HAL_GPIO_Init
 267              	.LVL8:
 348:Src/main.c    **** 
 349:Src/main.c    ****   /*Configure GPIO pin : CLK_IN_Pin */
 350:Src/main.c    ****   GPIO_InitStruct.Pin = CLK_IN_Pin;
 268              		.loc 1 350 3 view .LVU86
 269              		.loc 1 350 23 is_stmt 0 view .LVU87
 270 0130 4FF48063 		mov	r3, #1024
 271 0134 0793     		str	r3, [sp, #28]
 351:Src/main.c    ****   GPIO_InitStruct.Mode = GPIO_MODE_AF_PP;
 272              		.loc 1 351 3 is_stmt 1 view .LVU88
 273              		.loc 1 351 24 is_stmt 0 view .LVU89
 274 0136 CDF82080 		str	r8, [sp, #32]
 352:Src/main.c    ****   GPIO_InitStruct.Pull = GPIO_NOPULL;
 275              		.loc 1 352 3 is_stmt 1 view .LVU90
 276              		.loc 1 352 24 is_stmt 0 view .LVU91
ARM GAS  /tmp/cc2khGTU.s 			page 12


 277 013a 0994     		str	r4, [sp, #36]
 353:Src/main.c    ****   GPIO_InitStruct.Speed = GPIO_SPEED_FREQ_LOW;
 278              		.loc 1 353 3 is_stmt 1 view .LVU92
 279              		.loc 1 353 25 is_stmt 0 view .LVU93
 280 013c 0A94     		str	r4, [sp, #40]
 354:Src/main.c    ****   GPIO_InitStruct.Alternate = GPIO_AF5_SPI2;
 281              		.loc 1 354 3 is_stmt 1 view .LVU94
 282              		.loc 1 354 29 is_stmt 0 view .LVU95
 283 013e CDF82CB0 		str	fp, [sp, #44]
 355:Src/main.c    ****   HAL_GPIO_Init(CLK_IN_GPIO_Port, &GPIO_InitStruct);
 284              		.loc 1 355 3 is_stmt 1 view .LVU96
 285 0142 07A9     		add	r1, sp, #28
 286 0144 3046     		mov	r0, r6
 287 0146 FFF7FEFF 		bl	HAL_GPIO_Init
 288              	.LVL9:
 356:Src/main.c    **** 
 357:Src/main.c    ****   /*Configure GPIO pin : LED_Built_Pin */
 358:Src/main.c    ****   GPIO_InitStruct.Pin = LED_Built_Pin;
 289              		.loc 1 358 3 view .LVU97
 290              		.loc 1 358 23 is_stmt 0 view .LVU98
 291 014a 4FF48053 		mov	r3, #4096
 292 014e 0793     		str	r3, [sp, #28]
 359:Src/main.c    ****   GPIO_InitStruct.Mode = GPIO_MODE_OUTPUT_PP;
 293              		.loc 1 359 3 is_stmt 1 view .LVU99
 294              		.loc 1 359 24 is_stmt 0 view .LVU100
 295 0150 0895     		str	r5, [sp, #32]
 360:Src/main.c    ****   GPIO_InitStruct.Pull = GPIO_NOPULL;
 296              		.loc 1 360 3 is_stmt 1 view .LVU101
 297              		.loc 1 360 24 is_stmt 0 view .LVU102
 298 0152 0994     		str	r4, [sp, #36]
 361:Src/main.c    ****   GPIO_InitStruct.Speed = GPIO_SPEED_FREQ_LOW;
 299              		.loc 1 361 3 is_stmt 1 view .LVU103
 300              		.loc 1 361 25 is_stmt 0 view .LVU104
 301 0154 0A94     		str	r4, [sp, #40]
 362:Src/main.c    ****   HAL_GPIO_Init(LED_Built_GPIO_Port, &GPIO_InitStruct);
 302              		.loc 1 362 3 is_stmt 1 view .LVU105
 303 0156 07A9     		add	r1, sp, #28
 304 0158 3046     		mov	r0, r6
 305 015a FFF7FEFF 		bl	HAL_GPIO_Init
 306              	.LVL10:
 363:Src/main.c    **** 
 364:Src/main.c    ****   /*Configure GPIO pins : MonPin_Pin LD4_Pin LD3_Pin LD5_Pin 
 365:Src/main.c    ****                            LD6_Pin Audio_RST_Pin */
 366:Src/main.c    ****   GPIO_InitStruct.Pin = MonPin_Pin|LD4_Pin|LD3_Pin|LD5_Pin 
 307              		.loc 1 366 3 view .LVU106
 308              		.loc 1 366 23 is_stmt 0 view .LVU107
 309 015e 4FF21023 		movw	r3, #61968
 310 0162 0793     		str	r3, [sp, #28]
 367:Src/main.c    ****                           |LD6_Pin|Audio_RST_Pin;
 368:Src/main.c    ****   GPIO_InitStruct.Mode = GPIO_MODE_OUTPUT_PP;
 311              		.loc 1 368 3 is_stmt 1 view .LVU108
 312              		.loc 1 368 24 is_stmt 0 view .LVU109
 313 0164 0895     		str	r5, [sp, #32]
 369:Src/main.c    ****   GPIO_InitStruct.Pull = GPIO_NOPULL;
 314              		.loc 1 369 3 is_stmt 1 view .LVU110
 315              		.loc 1 369 24 is_stmt 0 view .LVU111
 316 0166 0994     		str	r4, [sp, #36]
ARM GAS  /tmp/cc2khGTU.s 			page 13


 370:Src/main.c    ****   GPIO_InitStruct.Speed = GPIO_SPEED_FREQ_LOW;
 317              		.loc 1 370 3 is_stmt 1 view .LVU112
 318              		.loc 1 370 25 is_stmt 0 view .LVU113
 319 0168 0A94     		str	r4, [sp, #40]
 371:Src/main.c    ****   HAL_GPIO_Init(GPIOD, &GPIO_InitStruct);
 320              		.loc 1 371 3 is_stmt 1 view .LVU114
 321 016a 07A9     		add	r1, sp, #28
 322 016c 4846     		mov	r0, r9
 323 016e FFF7FEFF 		bl	HAL_GPIO_Init
 324              	.LVL11:
 372:Src/main.c    **** 
 373:Src/main.c    ****   /*Configure GPIO pin : OTG_FS_OverCurrent_Pin */
 374:Src/main.c    ****   GPIO_InitStruct.Pin = OTG_FS_OverCurrent_Pin;
 325              		.loc 1 374 3 view .LVU115
 326              		.loc 1 374 23 is_stmt 0 view .LVU116
 327 0172 2023     		movs	r3, #32
 328 0174 0793     		str	r3, [sp, #28]
 375:Src/main.c    ****   GPIO_InitStruct.Mode = GPIO_MODE_INPUT;
 329              		.loc 1 375 3 is_stmt 1 view .LVU117
 330              		.loc 1 375 24 is_stmt 0 view .LVU118
 331 0176 0894     		str	r4, [sp, #32]
 376:Src/main.c    ****   GPIO_InitStruct.Pull = GPIO_NOPULL;
 332              		.loc 1 376 3 is_stmt 1 view .LVU119
 333              		.loc 1 376 24 is_stmt 0 view .LVU120
 334 0178 0994     		str	r4, [sp, #36]
 377:Src/main.c    ****   HAL_GPIO_Init(OTG_FS_OverCurrent_GPIO_Port, &GPIO_InitStruct);
 335              		.loc 1 377 3 is_stmt 1 view .LVU121
 336 017a 07A9     		add	r1, sp, #28
 337 017c 4846     		mov	r0, r9
 338 017e FFF7FEFF 		bl	HAL_GPIO_Init
 339              	.LVL12:
 378:Src/main.c    **** 
 379:Src/main.c    ****   /*Configure GPIO pin : MEMS_INT2_Pin */
 380:Src/main.c    ****   GPIO_InitStruct.Pin = MEMS_INT2_Pin;
 340              		.loc 1 380 3 view .LVU122
 341              		.loc 1 380 23 is_stmt 0 view .LVU123
 342 0182 CDF81C80 		str	r8, [sp, #28]
 381:Src/main.c    ****   GPIO_InitStruct.Mode = GPIO_MODE_EVT_RISING;
 343              		.loc 1 381 3 is_stmt 1 view .LVU124
 344              		.loc 1 381 24 is_stmt 0 view .LVU125
 345 0186 CDF820A0 		str	r10, [sp, #32]
 382:Src/main.c    ****   GPIO_InitStruct.Pull = GPIO_NOPULL;
 346              		.loc 1 382 3 is_stmt 1 view .LVU126
 347              		.loc 1 382 24 is_stmt 0 view .LVU127
 348 018a 0994     		str	r4, [sp, #36]
 383:Src/main.c    ****   HAL_GPIO_Init(MEMS_INT2_GPIO_Port, &GPIO_InitStruct);
 349              		.loc 1 383 3 is_stmt 1 view .LVU128
 350 018c 07A9     		add	r1, sp, #28
 351 018e 3846     		mov	r0, r7
 352 0190 FFF7FEFF 		bl	HAL_GPIO_Init
 353              	.LVL13:
 384:Src/main.c    **** 
 385:Src/main.c    **** }
 354              		.loc 1 385 1 is_stmt 0 view .LVU129
 355 0194 0DB0     		add	sp, sp, #52
 356              	.LCFI2:
 357              		.cfi_def_cfa_offset 36
ARM GAS  /tmp/cc2khGTU.s 			page 14


 358              		@ sp needed
 359 0196 BDE8F08F 		pop	{r4, r5, r6, r7, r8, r9, r10, fp, pc}
 360              	.L4:
 361 019a 00BF     		.align	2
 362              	.L3:
 363 019c 00380240 		.word	1073887232
 364 01a0 00100240 		.word	1073876992
 365 01a4 00040240 		.word	1073873920
 366 01a8 00000240 		.word	1073872896
 367 01ac 00080240 		.word	1073874944
 368 01b0 000C0240 		.word	1073875968
 369 01b4 00001210 		.word	269615104
 370              		.cfi_endproc
 371              	.LFE135:
 373              		.section	.text.MX_I2C1_Init,"ax",%progbits
 374              		.align	1
 375              		.syntax unified
 376              		.thumb
 377              		.thumb_func
 378              		.fpu fpv4-sp-d16
 380              	MX_I2C1_Init:
 381              	.LFB132:
 185:Src/main.c    **** 
 382              		.loc 1 185 1 is_stmt 1 view -0
 383              		.cfi_startproc
 384              		@ args = 0, pretend = 0, frame = 0
 385              		@ frame_needed = 0, uses_anonymous_args = 0
 386 0000 08B5     		push	{r3, lr}
 387              	.LCFI3:
 388              		.cfi_def_cfa_offset 8
 389              		.cfi_offset 3, -8
 390              		.cfi_offset 14, -4
 194:Src/main.c    ****   hi2c1.Init.ClockSpeed = 100000;
 391              		.loc 1 194 3 view .LVU131
 194:Src/main.c    ****   hi2c1.Init.ClockSpeed = 100000;
 392              		.loc 1 194 18 is_stmt 0 view .LVU132
 393 0002 0948     		ldr	r0, .L7
 394 0004 094B     		ldr	r3, .L7+4
 395 0006 0360     		str	r3, [r0]
 195:Src/main.c    ****   hi2c1.Init.DutyCycle = I2C_DUTYCYCLE_2;
 396              		.loc 1 195 3 is_stmt 1 view .LVU133
 195:Src/main.c    ****   hi2c1.Init.DutyCycle = I2C_DUTYCYCLE_2;
 397              		.loc 1 195 25 is_stmt 0 view .LVU134
 398 0008 094B     		ldr	r3, .L7+8
 399 000a 4360     		str	r3, [r0, #4]
 196:Src/main.c    ****   hi2c1.Init.OwnAddress1 = 0;
 400              		.loc 1 196 3 is_stmt 1 view .LVU135
 196:Src/main.c    ****   hi2c1.Init.OwnAddress1 = 0;
 401              		.loc 1 196 24 is_stmt 0 view .LVU136
 402 000c 0023     		movs	r3, #0
 403 000e 8360     		str	r3, [r0, #8]
 197:Src/main.c    ****   hi2c1.Init.AddressingMode = I2C_ADDRESSINGMODE_7BIT;
 404              		.loc 1 197 3 is_stmt 1 view .LVU137
 197:Src/main.c    ****   hi2c1.Init.AddressingMode = I2C_ADDRESSINGMODE_7BIT;
 405              		.loc 1 197 26 is_stmt 0 view .LVU138
 406 0010 C360     		str	r3, [r0, #12]
 198:Src/main.c    ****   hi2c1.Init.DualAddressMode = I2C_DUALADDRESS_DISABLE;
ARM GAS  /tmp/cc2khGTU.s 			page 15


 407              		.loc 1 198 3 is_stmt 1 view .LVU139
 198:Src/main.c    ****   hi2c1.Init.DualAddressMode = I2C_DUALADDRESS_DISABLE;
 408              		.loc 1 198 29 is_stmt 0 view .LVU140
 409 0012 4FF48042 		mov	r2, #16384
 410 0016 0261     		str	r2, [r0, #16]
 199:Src/main.c    ****   hi2c1.Init.OwnAddress2 = 0;
 411              		.loc 1 199 3 is_stmt 1 view .LVU141
 199:Src/main.c    ****   hi2c1.Init.OwnAddress2 = 0;
 412              		.loc 1 199 30 is_stmt 0 view .LVU142
 413 0018 4361     		str	r3, [r0, #20]
 200:Src/main.c    ****   hi2c1.Init.GeneralCallMode = I2C_GENERALCALL_DISABLE;
 414              		.loc 1 200 3 is_stmt 1 view .LVU143
 200:Src/main.c    ****   hi2c1.Init.GeneralCallMode = I2C_GENERALCALL_DISABLE;
 415              		.loc 1 200 26 is_stmt 0 view .LVU144
 416 001a 8361     		str	r3, [r0, #24]
 201:Src/main.c    ****   hi2c1.Init.NoStretchMode = I2C_NOSTRETCH_DISABLE;
 417              		.loc 1 201 3 is_stmt 1 view .LVU145
 201:Src/main.c    ****   hi2c1.Init.NoStretchMode = I2C_NOSTRETCH_DISABLE;
 418              		.loc 1 201 30 is_stmt 0 view .LVU146
 419 001c C361     		str	r3, [r0, #28]
 202:Src/main.c    ****   if (HAL_I2C_Init(&hi2c1) != HAL_OK)
 420              		.loc 1 202 3 is_stmt 1 view .LVU147
 202:Src/main.c    ****   if (HAL_I2C_Init(&hi2c1) != HAL_OK)
 421              		.loc 1 202 28 is_stmt 0 view .LVU148
 422 001e 0362     		str	r3, [r0, #32]
 203:Src/main.c    ****   {
 423              		.loc 1 203 3 is_stmt 1 view .LVU149
 203:Src/main.c    ****   {
 424              		.loc 1 203 7 is_stmt 0 view .LVU150
 425 0020 FFF7FEFF 		bl	HAL_I2C_Init
 426              	.LVL14:
 211:Src/main.c    **** 
 427              		.loc 1 211 1 view .LVU151
 428 0024 08BD     		pop	{r3, pc}
 429              	.L8:
 430 0026 00BF     		.align	2
 431              	.L7:
 432 0028 00000000 		.word	hi2c1
 433 002c 00540040 		.word	1073763328
 434 0030 A0860100 		.word	100000
 435              		.cfi_endproc
 436              	.LFE132:
 438              		.section	.text.MX_I2S3_Init,"ax",%progbits
 439              		.align	1
 440              		.syntax unified
 441              		.thumb
 442              		.thumb_func
 443              		.fpu fpv4-sp-d16
 445              	MX_I2S3_Init:
 446              	.LFB133:
 219:Src/main.c    **** 
 447              		.loc 1 219 1 is_stmt 1 view -0
 448              		.cfi_startproc
 449              		@ args = 0, pretend = 0, frame = 0
 450              		@ frame_needed = 0, uses_anonymous_args = 0
 451 0000 08B5     		push	{r3, lr}
 452              	.LCFI4:
ARM GAS  /tmp/cc2khGTU.s 			page 16


 453              		.cfi_def_cfa_offset 8
 454              		.cfi_offset 3, -8
 455              		.cfi_offset 14, -4
 228:Src/main.c    ****   hi2s3.Init.Mode = I2S_MODE_MASTER_TX;
 456              		.loc 1 228 3 view .LVU153
 228:Src/main.c    ****   hi2s3.Init.Mode = I2S_MODE_MASTER_TX;
 457              		.loc 1 228 18 is_stmt 0 view .LVU154
 458 0002 0948     		ldr	r0, .L11
 459 0004 094B     		ldr	r3, .L11+4
 460 0006 0360     		str	r3, [r0]
 229:Src/main.c    ****   hi2s3.Init.Standard = I2S_STANDARD_PHILIPS;
 461              		.loc 1 229 3 is_stmt 1 view .LVU155
 229:Src/main.c    ****   hi2s3.Init.Standard = I2S_STANDARD_PHILIPS;
 462              		.loc 1 229 19 is_stmt 0 view .LVU156
 463 0008 4FF40072 		mov	r2, #512
 464 000c 4260     		str	r2, [r0, #4]
 230:Src/main.c    ****   hi2s3.Init.DataFormat = I2S_DATAFORMAT_16B;
 465              		.loc 1 230 3 is_stmt 1 view .LVU157
 230:Src/main.c    ****   hi2s3.Init.DataFormat = I2S_DATAFORMAT_16B;
 466              		.loc 1 230 23 is_stmt 0 view .LVU158
 467 000e 0023     		movs	r3, #0
 468 0010 8360     		str	r3, [r0, #8]
 231:Src/main.c    ****   hi2s3.Init.MCLKOutput = I2S_MCLKOUTPUT_ENABLE;
 469              		.loc 1 231 3 is_stmt 1 view .LVU159
 231:Src/main.c    ****   hi2s3.Init.MCLKOutput = I2S_MCLKOUTPUT_ENABLE;
 470              		.loc 1 231 25 is_stmt 0 view .LVU160
 471 0012 C360     		str	r3, [r0, #12]
 232:Src/main.c    ****   hi2s3.Init.AudioFreq = I2S_AUDIOFREQ_96K;
 472              		.loc 1 232 3 is_stmt 1 view .LVU161
 232:Src/main.c    ****   hi2s3.Init.AudioFreq = I2S_AUDIOFREQ_96K;
 473              		.loc 1 232 25 is_stmt 0 view .LVU162
 474 0014 0261     		str	r2, [r0, #16]
 233:Src/main.c    ****   hi2s3.Init.CPOL = I2S_CPOL_LOW;
 475              		.loc 1 233 3 is_stmt 1 view .LVU163
 233:Src/main.c    ****   hi2s3.Init.CPOL = I2S_CPOL_LOW;
 476              		.loc 1 233 24 is_stmt 0 view .LVU164
 477 0016 064A     		ldr	r2, .L11+8
 478 0018 4261     		str	r2, [r0, #20]
 234:Src/main.c    ****   hi2s3.Init.ClockSource = I2S_CLOCK_PLL;
 479              		.loc 1 234 3 is_stmt 1 view .LVU165
 234:Src/main.c    ****   hi2s3.Init.ClockSource = I2S_CLOCK_PLL;
 480              		.loc 1 234 19 is_stmt 0 view .LVU166
 481 001a 8361     		str	r3, [r0, #24]
 235:Src/main.c    ****   hi2s3.Init.FullDuplexMode = I2S_FULLDUPLEXMODE_DISABLE;
 482              		.loc 1 235 3 is_stmt 1 view .LVU167
 235:Src/main.c    ****   hi2s3.Init.FullDuplexMode = I2S_FULLDUPLEXMODE_DISABLE;
 483              		.loc 1 235 26 is_stmt 0 view .LVU168
 484 001c C361     		str	r3, [r0, #28]
 236:Src/main.c    ****   if (HAL_I2S_Init(&hi2s3) != HAL_OK)
 485              		.loc 1 236 3 is_stmt 1 view .LVU169
 236:Src/main.c    ****   if (HAL_I2S_Init(&hi2s3) != HAL_OK)
 486              		.loc 1 236 29 is_stmt 0 view .LVU170
 487 001e 0362     		str	r3, [r0, #32]
 237:Src/main.c    ****   {
 488              		.loc 1 237 3 is_stmt 1 view .LVU171
 237:Src/main.c    ****   {
 489              		.loc 1 237 7 is_stmt 0 view .LVU172
ARM GAS  /tmp/cc2khGTU.s 			page 17


 490 0020 FFF7FEFF 		bl	HAL_I2S_Init
 491              	.LVL15:
 245:Src/main.c    **** 
 492              		.loc 1 245 1 view .LVU173
 493 0024 08BD     		pop	{r3, pc}
 494              	.L12:
 495 0026 00BF     		.align	2
 496              	.L11:
 497 0028 00000000 		.word	hi2s3
 498 002c 003C0040 		.word	1073757184
 499 0030 00770100 		.word	96000
 500              		.cfi_endproc
 501              	.LFE133:
 503              		.section	.text.MX_SPI1_Init,"ax",%progbits
 504              		.align	1
 505              		.syntax unified
 506              		.thumb
 507              		.thumb_func
 508              		.fpu fpv4-sp-d16
 510              	MX_SPI1_Init:
 511              	.LFB134:
 253:Src/main.c    **** 
 512              		.loc 1 253 1 is_stmt 1 view -0
 513              		.cfi_startproc
 514              		@ args = 0, pretend = 0, frame = 0
 515              		@ frame_needed = 0, uses_anonymous_args = 0
 516 0000 08B5     		push	{r3, lr}
 517              	.LCFI5:
 518              		.cfi_def_cfa_offset 8
 519              		.cfi_offset 3, -8
 520              		.cfi_offset 14, -4
 263:Src/main.c    ****   hspi1.Init.Mode = SPI_MODE_MASTER;
 521              		.loc 1 263 3 view .LVU175
 263:Src/main.c    ****   hspi1.Init.Mode = SPI_MODE_MASTER;
 522              		.loc 1 263 18 is_stmt 0 view .LVU176
 523 0002 0B48     		ldr	r0, .L15
 524 0004 0B4B     		ldr	r3, .L15+4
 525 0006 0360     		str	r3, [r0]
 264:Src/main.c    ****   hspi1.Init.Direction = SPI_DIRECTION_2LINES;
 526              		.loc 1 264 3 is_stmt 1 view .LVU177
 264:Src/main.c    ****   hspi1.Init.Direction = SPI_DIRECTION_2LINES;
 527              		.loc 1 264 19 is_stmt 0 view .LVU178
 528 0008 4FF48273 		mov	r3, #260
 529 000c 4360     		str	r3, [r0, #4]
 265:Src/main.c    ****   hspi1.Init.DataSize = SPI_DATASIZE_8BIT;
 530              		.loc 1 265 3 is_stmt 1 view .LVU179
 265:Src/main.c    ****   hspi1.Init.DataSize = SPI_DATASIZE_8BIT;
 531              		.loc 1 265 24 is_stmt 0 view .LVU180
 532 000e 0023     		movs	r3, #0
 533 0010 8360     		str	r3, [r0, #8]
 266:Src/main.c    ****   hspi1.Init.CLKPolarity = SPI_POLARITY_LOW;
 534              		.loc 1 266 3 is_stmt 1 view .LVU181
 266:Src/main.c    ****   hspi1.Init.CLKPolarity = SPI_POLARITY_LOW;
 535              		.loc 1 266 23 is_stmt 0 view .LVU182
 536 0012 C360     		str	r3, [r0, #12]
 267:Src/main.c    ****   hspi1.Init.CLKPhase = SPI_PHASE_1EDGE;
 537              		.loc 1 267 3 is_stmt 1 view .LVU183
ARM GAS  /tmp/cc2khGTU.s 			page 18


 267:Src/main.c    ****   hspi1.Init.CLKPhase = SPI_PHASE_1EDGE;
 538              		.loc 1 267 26 is_stmt 0 view .LVU184
 539 0014 0361     		str	r3, [r0, #16]
 268:Src/main.c    ****   hspi1.Init.NSS = SPI_NSS_SOFT;
 540              		.loc 1 268 3 is_stmt 1 view .LVU185
 268:Src/main.c    ****   hspi1.Init.NSS = SPI_NSS_SOFT;
 541              		.loc 1 268 23 is_stmt 0 view .LVU186
 542 0016 4361     		str	r3, [r0, #20]
 269:Src/main.c    ****   hspi1.Init.BaudRatePrescaler = SPI_BAUDRATEPRESCALER_2;
 543              		.loc 1 269 3 is_stmt 1 view .LVU187
 269:Src/main.c    ****   hspi1.Init.BaudRatePrescaler = SPI_BAUDRATEPRESCALER_2;
 544              		.loc 1 269 18 is_stmt 0 view .LVU188
 545 0018 4FF40072 		mov	r2, #512
 546 001c 8261     		str	r2, [r0, #24]
 270:Src/main.c    ****   hspi1.Init.FirstBit = SPI_FIRSTBIT_MSB;
 547              		.loc 1 270 3 is_stmt 1 view .LVU189
 270:Src/main.c    ****   hspi1.Init.FirstBit = SPI_FIRSTBIT_MSB;
 548              		.loc 1 270 32 is_stmt 0 view .LVU190
 549 001e C361     		str	r3, [r0, #28]
 271:Src/main.c    ****   hspi1.Init.TIMode = SPI_TIMODE_DISABLE;
 550              		.loc 1 271 3 is_stmt 1 view .LVU191
 271:Src/main.c    ****   hspi1.Init.TIMode = SPI_TIMODE_DISABLE;
 551              		.loc 1 271 23 is_stmt 0 view .LVU192
 552 0020 0362     		str	r3, [r0, #32]
 272:Src/main.c    ****   hspi1.Init.CRCCalculation = SPI_CRCCALCULATION_DISABLE;
 553              		.loc 1 272 3 is_stmt 1 view .LVU193
 272:Src/main.c    ****   hspi1.Init.CRCCalculation = SPI_CRCCALCULATION_DISABLE;
 554              		.loc 1 272 21 is_stmt 0 view .LVU194
 555 0022 4362     		str	r3, [r0, #36]
 273:Src/main.c    ****   hspi1.Init.CRCPolynomial = 10;
 556              		.loc 1 273 3 is_stmt 1 view .LVU195
 273:Src/main.c    ****   hspi1.Init.CRCPolynomial = 10;
 557              		.loc 1 273 29 is_stmt 0 view .LVU196
 558 0024 8362     		str	r3, [r0, #40]
 274:Src/main.c    ****   if (HAL_SPI_Init(&hspi1) != HAL_OK)
 559              		.loc 1 274 3 is_stmt 1 view .LVU197
 274:Src/main.c    ****   if (HAL_SPI_Init(&hspi1) != HAL_OK)
 560              		.loc 1 274 28 is_stmt 0 view .LVU198
 561 0026 0A23     		movs	r3, #10
 562 0028 C362     		str	r3, [r0, #44]
 275:Src/main.c    ****   {
 563              		.loc 1 275 3 is_stmt 1 view .LVU199
 275:Src/main.c    ****   {
 564              		.loc 1 275 7 is_stmt 0 view .LVU200
 565 002a FFF7FEFF 		bl	HAL_SPI_Init
 566              	.LVL16:
 283:Src/main.c    **** 
 567              		.loc 1 283 1 view .LVU201
 568 002e 08BD     		pop	{r3, pc}
 569              	.L16:
 570              		.align	2
 571              	.L15:
 572 0030 00000000 		.word	hspi1
 573 0034 00300140 		.word	1073819648
 574              		.cfi_endproc
 575              	.LFE134:
 577              		.section	.text.SystemClock_Config,"ax",%progbits
ARM GAS  /tmp/cc2khGTU.s 			page 19


 578              		.align	1
 579              		.global	SystemClock_Config
 580              		.syntax unified
 581              		.thumb
 582              		.thumb_func
 583              		.fpu fpv4-sp-d16
 585              	SystemClock_Config:
 586              	.LFB131:
 134:Src/main.c    ****   RCC_OscInitTypeDef RCC_OscInitStruct = {0};
 587              		.loc 1 134 1 is_stmt 1 view -0
 588              		.cfi_startproc
 589              		@ args = 0, pretend = 0, frame = 96
 590              		@ frame_needed = 0, uses_anonymous_args = 0
 591 0000 70B5     		push	{r4, r5, r6, lr}
 592              	.LCFI6:
 593              		.cfi_def_cfa_offset 16
 594              		.cfi_offset 4, -16
 595              		.cfi_offset 5, -12
 596              		.cfi_offset 6, -8
 597              		.cfi_offset 14, -4
 598 0002 98B0     		sub	sp, sp, #96
 599              	.LCFI7:
 600              		.cfi_def_cfa_offset 112
 135:Src/main.c    ****   RCC_ClkInitTypeDef RCC_ClkInitStruct = {0};
 601              		.loc 1 135 3 view .LVU203
 135:Src/main.c    ****   RCC_ClkInitTypeDef RCC_ClkInitStruct = {0};
 602              		.loc 1 135 22 is_stmt 0 view .LVU204
 603 0004 3022     		movs	r2, #48
 604 0006 0021     		movs	r1, #0
 605 0008 0DEB0200 		add	r0, sp, r2
 606 000c FFF7FEFF 		bl	memset
 607              	.LVL17:
 136:Src/main.c    ****   RCC_PeriphCLKInitTypeDef PeriphClkInitStruct = {0};
 608              		.loc 1 136 3 is_stmt 1 view .LVU205
 136:Src/main.c    ****   RCC_PeriphCLKInitTypeDef PeriphClkInitStruct = {0};
 609              		.loc 1 136 22 is_stmt 0 view .LVU206
 610 0010 0024     		movs	r4, #0
 611 0012 0794     		str	r4, [sp, #28]
 612 0014 0894     		str	r4, [sp, #32]
 613 0016 0994     		str	r4, [sp, #36]
 614 0018 0A94     		str	r4, [sp, #40]
 615 001a 0B94     		str	r4, [sp, #44]
 137:Src/main.c    **** 
 616              		.loc 1 137 3 is_stmt 1 view .LVU207
 137:Src/main.c    **** 
 617              		.loc 1 137 28 is_stmt 0 view .LVU208
 618 001c 0394     		str	r4, [sp, #12]
 619 001e 0494     		str	r4, [sp, #16]
 620 0020 0594     		str	r4, [sp, #20]
 621 0022 0694     		str	r4, [sp, #24]
 141:Src/main.c    ****   __HAL_PWR_VOLTAGESCALING_CONFIG(PWR_REGULATOR_VOLTAGE_SCALE1);
 622              		.loc 1 141 3 is_stmt 1 view .LVU209
 623              	.LBB8:
 141:Src/main.c    ****   __HAL_PWR_VOLTAGESCALING_CONFIG(PWR_REGULATOR_VOLTAGE_SCALE1);
 624              		.loc 1 141 3 view .LVU210
 625 0024 0194     		str	r4, [sp, #4]
 141:Src/main.c    ****   __HAL_PWR_VOLTAGESCALING_CONFIG(PWR_REGULATOR_VOLTAGE_SCALE1);
ARM GAS  /tmp/cc2khGTU.s 			page 20


 626              		.loc 1 141 3 view .LVU211
 627 0026 204B     		ldr	r3, .L19
 628 0028 1A6C     		ldr	r2, [r3, #64]
 629 002a 42F08052 		orr	r2, r2, #268435456
 630 002e 1A64     		str	r2, [r3, #64]
 141:Src/main.c    ****   __HAL_PWR_VOLTAGESCALING_CONFIG(PWR_REGULATOR_VOLTAGE_SCALE1);
 631              		.loc 1 141 3 view .LVU212
 632 0030 1B6C     		ldr	r3, [r3, #64]
 633 0032 03F08053 		and	r3, r3, #268435456
 634 0036 0193     		str	r3, [sp, #4]
 141:Src/main.c    ****   __HAL_PWR_VOLTAGESCALING_CONFIG(PWR_REGULATOR_VOLTAGE_SCALE1);
 635              		.loc 1 141 3 view .LVU213
 636 0038 019B     		ldr	r3, [sp, #4]
 637              	.LBE8:
 141:Src/main.c    ****   __HAL_PWR_VOLTAGESCALING_CONFIG(PWR_REGULATOR_VOLTAGE_SCALE1);
 638              		.loc 1 141 3 view .LVU214
 142:Src/main.c    ****   /** Initializes the CPU, AHB and APB busses clocks 
 639              		.loc 1 142 3 view .LVU215
 640              	.LBB9:
 142:Src/main.c    ****   /** Initializes the CPU, AHB and APB busses clocks 
 641              		.loc 1 142 3 view .LVU216
 642 003a 0294     		str	r4, [sp, #8]
 142:Src/main.c    ****   /** Initializes the CPU, AHB and APB busses clocks 
 643              		.loc 1 142 3 view .LVU217
 644 003c 1B4B     		ldr	r3, .L19+4
 645 003e 1A68     		ldr	r2, [r3]
 646 0040 42F48042 		orr	r2, r2, #16384
 647 0044 1A60     		str	r2, [r3]
 142:Src/main.c    ****   /** Initializes the CPU, AHB and APB busses clocks 
 648              		.loc 1 142 3 view .LVU218
 649 0046 1B68     		ldr	r3, [r3]
 650 0048 03F48043 		and	r3, r3, #16384
 651 004c 0293     		str	r3, [sp, #8]
 142:Src/main.c    ****   /** Initializes the CPU, AHB and APB busses clocks 
 652              		.loc 1 142 3 view .LVU219
 653 004e 029B     		ldr	r3, [sp, #8]
 654              	.LBE9:
 142:Src/main.c    ****   /** Initializes the CPU, AHB and APB busses clocks 
 655              		.loc 1 142 3 view .LVU220
 145:Src/main.c    ****   RCC_OscInitStruct.HSEState = RCC_HSE_ON;
 656              		.loc 1 145 3 view .LVU221
 145:Src/main.c    ****   RCC_OscInitStruct.HSEState = RCC_HSE_ON;
 657              		.loc 1 145 36 is_stmt 0 view .LVU222
 658 0050 0126     		movs	r6, #1
 659 0052 0C96     		str	r6, [sp, #48]
 146:Src/main.c    ****   RCC_OscInitStruct.PLL.PLLState = RCC_PLL_ON;
 660              		.loc 1 146 3 is_stmt 1 view .LVU223
 146:Src/main.c    ****   RCC_OscInitStruct.PLL.PLLState = RCC_PLL_ON;
 661              		.loc 1 146 30 is_stmt 0 view .LVU224
 662 0054 4FF48033 		mov	r3, #65536
 663 0058 0D93     		str	r3, [sp, #52]
 147:Src/main.c    ****   RCC_OscInitStruct.PLL.PLLSource = RCC_PLLSOURCE_HSE;
 664              		.loc 1 147 3 is_stmt 1 view .LVU225
 147:Src/main.c    ****   RCC_OscInitStruct.PLL.PLLSource = RCC_PLLSOURCE_HSE;
 665              		.loc 1 147 34 is_stmt 0 view .LVU226
 666 005a 0225     		movs	r5, #2
 667 005c 1295     		str	r5, [sp, #72]
ARM GAS  /tmp/cc2khGTU.s 			page 21


 148:Src/main.c    ****   RCC_OscInitStruct.PLL.PLLM = 8;
 668              		.loc 1 148 3 is_stmt 1 view .LVU227
 148:Src/main.c    ****   RCC_OscInitStruct.PLL.PLLM = 8;
 669              		.loc 1 148 35 is_stmt 0 view .LVU228
 670 005e 4FF48003 		mov	r3, #4194304
 671 0062 1393     		str	r3, [sp, #76]
 149:Src/main.c    ****   RCC_OscInitStruct.PLL.PLLN = 336;
 672              		.loc 1 149 3 is_stmt 1 view .LVU229
 149:Src/main.c    ****   RCC_OscInitStruct.PLL.PLLN = 336;
 673              		.loc 1 149 30 is_stmt 0 view .LVU230
 674 0064 0823     		movs	r3, #8
 675 0066 1493     		str	r3, [sp, #80]
 150:Src/main.c    ****   RCC_OscInitStruct.PLL.PLLP = RCC_PLLP_DIV2;
 676              		.loc 1 150 3 is_stmt 1 view .LVU231
 150:Src/main.c    ****   RCC_OscInitStruct.PLL.PLLP = RCC_PLLP_DIV2;
 677              		.loc 1 150 30 is_stmt 0 view .LVU232
 678 0068 4FF4A873 		mov	r3, #336
 679 006c 1593     		str	r3, [sp, #84]
 151:Src/main.c    ****   RCC_OscInitStruct.PLL.PLLQ = 7;
 680              		.loc 1 151 3 is_stmt 1 view .LVU233
 151:Src/main.c    ****   RCC_OscInitStruct.PLL.PLLQ = 7;
 681              		.loc 1 151 30 is_stmt 0 view .LVU234
 682 006e 1695     		str	r5, [sp, #88]
 152:Src/main.c    ****   if (HAL_RCC_OscConfig(&RCC_OscInitStruct) != HAL_OK)
 683              		.loc 1 152 3 is_stmt 1 view .LVU235
 152:Src/main.c    ****   if (HAL_RCC_OscConfig(&RCC_OscInitStruct) != HAL_OK)
 684              		.loc 1 152 30 is_stmt 0 view .LVU236
 685 0070 0723     		movs	r3, #7
 686 0072 1793     		str	r3, [sp, #92]
 153:Src/main.c    ****   {
 687              		.loc 1 153 3 is_stmt 1 view .LVU237
 153:Src/main.c    ****   {
 688              		.loc 1 153 7 is_stmt 0 view .LVU238
 689 0074 0CA8     		add	r0, sp, #48
 690 0076 FFF7FEFF 		bl	HAL_RCC_OscConfig
 691              	.LVL18:
 159:Src/main.c    ****                               |RCC_CLOCKTYPE_PCLK1|RCC_CLOCKTYPE_PCLK2;
 692              		.loc 1 159 3 is_stmt 1 view .LVU239
 159:Src/main.c    ****                               |RCC_CLOCKTYPE_PCLK1|RCC_CLOCKTYPE_PCLK2;
 693              		.loc 1 159 31 is_stmt 0 view .LVU240
 694 007a 0F23     		movs	r3, #15
 695 007c 0793     		str	r3, [sp, #28]
 161:Src/main.c    ****   RCC_ClkInitStruct.AHBCLKDivider = RCC_SYSCLK_DIV1;
 696              		.loc 1 161 3 is_stmt 1 view .LVU241
 161:Src/main.c    ****   RCC_ClkInitStruct.AHBCLKDivider = RCC_SYSCLK_DIV1;
 697              		.loc 1 161 34 is_stmt 0 view .LVU242
 698 007e 0895     		str	r5, [sp, #32]
 162:Src/main.c    ****   RCC_ClkInitStruct.APB1CLKDivider = RCC_HCLK_DIV4;
 699              		.loc 1 162 3 is_stmt 1 view .LVU243
 162:Src/main.c    ****   RCC_ClkInitStruct.APB1CLKDivider = RCC_HCLK_DIV4;
 700              		.loc 1 162 35 is_stmt 0 view .LVU244
 701 0080 0994     		str	r4, [sp, #36]
 163:Src/main.c    ****   RCC_ClkInitStruct.APB2CLKDivider = RCC_HCLK_DIV2;
 702              		.loc 1 163 3 is_stmt 1 view .LVU245
 163:Src/main.c    ****   RCC_ClkInitStruct.APB2CLKDivider = RCC_HCLK_DIV2;
 703              		.loc 1 163 36 is_stmt 0 view .LVU246
 704 0082 4FF4A053 		mov	r3, #5120
ARM GAS  /tmp/cc2khGTU.s 			page 22


 705 0086 0A93     		str	r3, [sp, #40]
 164:Src/main.c    **** 
 706              		.loc 1 164 3 is_stmt 1 view .LVU247
 164:Src/main.c    **** 
 707              		.loc 1 164 36 is_stmt 0 view .LVU248
 708 0088 4FF48053 		mov	r3, #4096
 709 008c 0B93     		str	r3, [sp, #44]
 166:Src/main.c    ****   {
 710              		.loc 1 166 3 is_stmt 1 view .LVU249
 166:Src/main.c    ****   {
 711              		.loc 1 166 7 is_stmt 0 view .LVU250
 712 008e 0521     		movs	r1, #5
 713 0090 07A8     		add	r0, sp, #28
 714 0092 FFF7FEFF 		bl	HAL_RCC_ClockConfig
 715              	.LVL19:
 170:Src/main.c    ****   PeriphClkInitStruct.PLLI2S.PLLI2SN = 192;
 716              		.loc 1 170 3 is_stmt 1 view .LVU251
 170:Src/main.c    ****   PeriphClkInitStruct.PLLI2S.PLLI2SN = 192;
 717              		.loc 1 170 44 is_stmt 0 view .LVU252
 718 0096 0396     		str	r6, [sp, #12]
 171:Src/main.c    ****   PeriphClkInitStruct.PLLI2S.PLLI2SR = 2;
 719              		.loc 1 171 3 is_stmt 1 view .LVU253
 171:Src/main.c    ****   PeriphClkInitStruct.PLLI2S.PLLI2SR = 2;
 720              		.loc 1 171 38 is_stmt 0 view .LVU254
 721 0098 C023     		movs	r3, #192
 722 009a 0493     		str	r3, [sp, #16]
 172:Src/main.c    ****   if (HAL_RCCEx_PeriphCLKConfig(&PeriphClkInitStruct) != HAL_OK)
 723              		.loc 1 172 3 is_stmt 1 view .LVU255
 172:Src/main.c    ****   if (HAL_RCCEx_PeriphCLKConfig(&PeriphClkInitStruct) != HAL_OK)
 724              		.loc 1 172 38 is_stmt 0 view .LVU256
 725 009c 0595     		str	r5, [sp, #20]
 173:Src/main.c    ****   {
 726              		.loc 1 173 3 is_stmt 1 view .LVU257
 173:Src/main.c    ****   {
 727              		.loc 1 173 7 is_stmt 0 view .LVU258
 728 009e 03A8     		add	r0, sp, #12
 729 00a0 FFF7FEFF 		bl	HAL_RCCEx_PeriphCLKConfig
 730              	.LVL20:
 177:Src/main.c    **** 
 731              		.loc 1 177 1 view .LVU259
 732 00a4 18B0     		add	sp, sp, #96
 733              	.LCFI8:
 734              		.cfi_def_cfa_offset 16
 735              		@ sp needed
 736 00a6 70BD     		pop	{r4, r5, r6, pc}
 737              	.L20:
 738              		.align	2
 739              	.L19:
 740 00a8 00380240 		.word	1073887232
 741 00ac 00700040 		.word	1073770496
 742              		.cfi_endproc
 743              	.LFE131:
 745              		.section	.text.main,"ax",%progbits
 746              		.align	1
 747              		.global	main
 748              		.syntax unified
 749              		.thumb
ARM GAS  /tmp/cc2khGTU.s 			page 23


 750              		.thumb_func
 751              		.fpu fpv4-sp-d16
 753              	main:
 754              	.LFB130:
  77:Src/main.c    ****   /* USER CODE BEGIN 1 */
 755              		.loc 1 77 1 is_stmt 1 view -0
 756              		.cfi_startproc
 757              		@ Volatile: function does not return.
 758              		@ args = 0, pretend = 0, frame = 0
 759              		@ frame_needed = 0, uses_anonymous_args = 0
 760 0000 08B5     		push	{r3, lr}
 761              	.LCFI9:
 762              		.cfi_def_cfa_offset 8
 763              		.cfi_offset 3, -8
 764              		.cfi_offset 14, -4
  86:Src/main.c    **** 
 765              		.loc 1 86 3 view .LVU261
 766 0002 FFF7FEFF 		bl	HAL_Init
 767              	.LVL21:
  93:Src/main.c    **** 
 768              		.loc 1 93 3 view .LVU262
 769 0006 FFF7FEFF 		bl	SystemClock_Config
 770              	.LVL22:
 100:Src/main.c    ****   MX_I2C1_Init();
 771              		.loc 1 100 3 view .LVU263
 772 000a FFF7FEFF 		bl	MX_GPIO_Init
 773              	.LVL23:
 101:Src/main.c    ****   MX_I2S3_Init();
 774              		.loc 1 101 3 view .LVU264
 775 000e FFF7FEFF 		bl	MX_I2C1_Init
 776              	.LVL24:
 102:Src/main.c    ****   MX_SPI1_Init();
 777              		.loc 1 102 3 view .LVU265
 778 0012 FFF7FEFF 		bl	MX_I2S3_Init
 779              	.LVL25:
 103:Src/main.c    ****   MX_USB_HOST_Init();
 780              		.loc 1 103 3 view .LVU266
 781 0016 FFF7FEFF 		bl	MX_SPI1_Init
 782              	.LVL26:
 104:Src/main.c    ****   /* USER CODE BEGIN 2 */ 
 783              		.loc 1 104 3 view .LVU267
 784 001a FFF7FEFF 		bl	MX_USB_HOST_Init
 785              	.LVL27:
 786              	.L22:
 113:Src/main.c    ****   {
 787              		.loc 1 113 3 discriminator 1 view .LVU268
 116:Src/main.c    **** 
 788              		.loc 1 116 5 discriminator 1 view .LVU269
 789 001e FFF7FEFF 		bl	MX_USB_HOST_Process
 790              	.LVL28:
 119:Src/main.c    ****     HAL_Delay(100);
 791              		.loc 1 119 5 discriminator 1 view .LVU270
 792 0022 084C     		ldr	r4, .L24
 793 0024 0022     		movs	r2, #0
 794 0026 4FF48041 		mov	r1, #16384
 795 002a 2046     		mov	r0, r4
 796 002c FFF7FEFF 		bl	HAL_GPIO_WritePin
ARM GAS  /tmp/cc2khGTU.s 			page 24


 797              	.LVL29:
 120:Src/main.c    **** 
 798              		.loc 1 120 5 discriminator 1 view .LVU271
 799 0030 6420     		movs	r0, #100
 800 0032 FFF7FEFF 		bl	HAL_Delay
 801              	.LVL30:
 122:Src/main.c    **** 
 802              		.loc 1 122 5 discriminator 1 view .LVU272
 803 0036 0122     		movs	r2, #1
 804 0038 4FF48041 		mov	r1, #16384
 805 003c 2046     		mov	r0, r4
 806 003e FFF7FEFF 		bl	HAL_GPIO_WritePin
 807              	.LVL31:
 113:Src/main.c    ****   {
 808              		.loc 1 113 9 discriminator 1 view .LVU273
 809 0042 ECE7     		b	.L22
 810              	.L25:
 811              		.align	2
 812              	.L24:
 813 0044 000C0240 		.word	1073875968
 814              		.cfi_endproc
 815              	.LFE130:
 817              		.section	.text.Error_Handler,"ax",%progbits
 818              		.align	1
 819              		.global	Error_Handler
 820              		.syntax unified
 821              		.thumb
 822              		.thumb_func
 823              		.fpu fpv4-sp-d16
 825              	Error_Handler:
 826              	.LFB136:
 386:Src/main.c    **** 
 387:Src/main.c    **** /* USER CODE BEGIN 4 */
 388:Src/main.c    **** 
 389:Src/main.c    **** /* USER CODE END 4 */
 390:Src/main.c    **** 
 391:Src/main.c    **** /**
 392:Src/main.c    ****   * @brief  This function is executed in case of error occurrence.
 393:Src/main.c    ****   * @retval None
 394:Src/main.c    ****   */
 395:Src/main.c    **** void Error_Handler(void)
 396:Src/main.c    **** {
 827              		.loc 1 396 1 view -0
 828              		.cfi_startproc
 829              		@ args = 0, pretend = 0, frame = 0
 830              		@ frame_needed = 0, uses_anonymous_args = 0
 831              		@ link register save eliminated.
 397:Src/main.c    ****   /* USER CODE BEGIN Error_Handler_Debug */
 398:Src/main.c    ****   /* User can add his own implementation to report the HAL error return state */
 399:Src/main.c    **** 
 400:Src/main.c    ****   /* USER CODE END Error_Handler_Debug */
 401:Src/main.c    **** }
 832              		.loc 1 401 1 view .LVU275
 833 0000 7047     		bx	lr
 834              		.cfi_endproc
 835              	.LFE136:
 837              		.comm	hspi1,88,4
ARM GAS  /tmp/cc2khGTU.s 			page 25


 838              		.comm	hi2s3,72,4
 839              		.comm	hi2c1,84,4
 840              		.text
 841              	.Letext0:
 842              		.file 2 "/usr/arm-none-eabi/include/machine/_default_types.h"
 843              		.file 3 "/usr/arm-none-eabi/include/sys/_stdint.h"
 844              		.file 4 "Drivers/CMSIS/Include/core_cm4.h"
 845              		.file 5 "Drivers/CMSIS/Device/ST/STM32F4xx/Include/system_stm32f4xx.h"
 846              		.file 6 "Drivers/CMSIS/Device/ST/STM32F4xx/Include/stm32f407xx.h"
 847              		.file 7 "Drivers/STM32F4xx_HAL_Driver/Inc/stm32f4xx_hal_def.h"
 848              		.file 8 "Drivers/STM32F4xx_HAL_Driver/Inc/stm32f4xx_hal_rcc_ex.h"
 849              		.file 9 "Drivers/STM32F4xx_HAL_Driver/Inc/stm32f4xx_hal_rcc.h"
 850              		.file 10 "Drivers/STM32F4xx_HAL_Driver/Inc/stm32f4xx_hal_gpio.h"
 851              		.file 11 "Drivers/STM32F4xx_HAL_Driver/Inc/stm32f4xx_hal_dma.h"
 852              		.file 12 "Drivers/STM32F4xx_HAL_Driver/Inc/stm32f4xx_hal_i2c.h"
 853              		.file 13 "Drivers/STM32F4xx_HAL_Driver/Inc/stm32f4xx_hal_i2s.h"
 854              		.file 14 "Drivers/STM32F4xx_HAL_Driver/Inc/stm32f4xx_hal_spi.h"
 855              		.file 15 "Drivers/STM32F4xx_HAL_Driver/Inc/stm32f4xx_hal.h"
 856              		.file 16 "Inc/usb_host.h"
 857              		.file 17 "<built-in>"
ARM GAS  /tmp/cc2khGTU.s 			page 26


DEFINED SYMBOLS
                            *ABS*:0000000000000000 main.c
     /tmp/cc2khGTU.s:18     .text.MX_GPIO_Init:0000000000000000 $t
     /tmp/cc2khGTU.s:25     .text.MX_GPIO_Init:0000000000000000 MX_GPIO_Init
     /tmp/cc2khGTU.s:363    .text.MX_GPIO_Init:000000000000019c $d
     /tmp/cc2khGTU.s:374    .text.MX_I2C1_Init:0000000000000000 $t
     /tmp/cc2khGTU.s:380    .text.MX_I2C1_Init:0000000000000000 MX_I2C1_Init
     /tmp/cc2khGTU.s:432    .text.MX_I2C1_Init:0000000000000028 $d
                            *COM*:0000000000000054 hi2c1
     /tmp/cc2khGTU.s:439    .text.MX_I2S3_Init:0000000000000000 $t
     /tmp/cc2khGTU.s:445    .text.MX_I2S3_Init:0000000000000000 MX_I2S3_Init
     /tmp/cc2khGTU.s:497    .text.MX_I2S3_Init:0000000000000028 $d
                            *COM*:0000000000000048 hi2s3
     /tmp/cc2khGTU.s:504    .text.MX_SPI1_Init:0000000000000000 $t
     /tmp/cc2khGTU.s:510    .text.MX_SPI1_Init:0000000000000000 MX_SPI1_Init
     /tmp/cc2khGTU.s:572    .text.MX_SPI1_Init:0000000000000030 $d
                            *COM*:0000000000000058 hspi1
     /tmp/cc2khGTU.s:578    .text.SystemClock_Config:0000000000000000 $t
     /tmp/cc2khGTU.s:585    .text.SystemClock_Config:0000000000000000 SystemClock_Config
     /tmp/cc2khGTU.s:740    .text.SystemClock_Config:00000000000000a8 $d
     /tmp/cc2khGTU.s:746    .text.main:0000000000000000 $t
     /tmp/cc2khGTU.s:753    .text.main:0000000000000000 main
     /tmp/cc2khGTU.s:813    .text.main:0000000000000044 $d
     /tmp/cc2khGTU.s:818    .text.Error_Handler:0000000000000000 $t
     /tmp/cc2khGTU.s:825    .text.Error_Handler:0000000000000000 Error_Handler

UNDEFINED SYMBOLS
HAL_GPIO_WritePin
HAL_GPIO_Init
HAL_I2C_Init
HAL_I2S_Init
HAL_SPI_Init
memset
HAL_RCC_OscConfig
HAL_RCC_ClockConfig
HAL_RCCEx_PeriphCLKConfig
HAL_Init
MX_USB_HOST_Init
MX_USB_HOST_Process
HAL_Delay
